mode: atomic
github.com/dmitrovia/collector-metrics/cmd/agent/main.go:13.13,22.16 6 0
github.com/dmitrovia/collector-metrics/cmd/agent/main.go:22.16,26.3 2 0
github.com/dmitrovia/collector-metrics/cmd/agent/main.go:28.2,49.18 7 0
github.com/dmitrovia/collector-metrics/internal/functions/compress/compress.go:13.51,19.16 4 0
github.com/dmitrovia/collector-metrics/internal/functions/compress/compress.go:19.16,22.3 1 0
github.com/dmitrovia/collector-metrics/internal/functions/compress/compress.go:24.2,25.16 2 0
github.com/dmitrovia/collector-metrics/internal/functions/compress/compress.go:25.16,27.3 1 0
github.com/dmitrovia/collector-metrics/internal/functions/compress/compress.go:29.2,29.25 1 0
github.com/dmitrovia/collector-metrics/internal/functions/compress/compress.go:33.56,35.16 2 0
github.com/dmitrovia/collector-metrics/internal/functions/compress/compress.go:35.16,40.3 2 0
github.com/dmitrovia/collector-metrics/internal/functions/compress/compress.go:42.2,47.16 4 0
github.com/dmitrovia/collector-metrics/internal/functions/compress/compress.go:47.16,50.3 1 0
github.com/dmitrovia/collector-metrics/internal/functions/compress/compress.go:52.2,52.25 1 0
github.com/dmitrovia/collector-metrics/internal/functions/hash/hash.go:13.19,21.2 5 0
github.com/dmitrovia/collector-metrics/internal/functions/validate/validate.go:16.17,18.16 2 0
github.com/dmitrovia/collector-metrics/internal/functions/validate/validate.go:18.16,20.3 1 0
github.com/dmitrovia/collector-metrics/internal/functions/validate/validate.go:22.2,22.17 1 0
github.com/dmitrovia/collector-metrics/internal/functions/validate/validate.go:25.58,27.16 2 0
github.com/dmitrovia/collector-metrics/internal/functions/validate/validate.go:27.16,29.3 1 0
github.com/dmitrovia/collector-metrics/internal/functions/validate/validate.go:31.2,31.50 1 0
github.com/dmitrovia/collector-metrics/internal/functions/validate/validate.go:36.39,38.2 1 0
github.com/dmitrovia/collector-metrics/internal/functions/validate/validate.go:42.38,44.2 1 0
github.com/dmitrovia/collector-metrics/internal/agentimplement/agentimplement.go:58.44,59.26 1 0
github.com/dmitrovia/collector-metrics/internal/agentimplement/agentimplement.go:59.26,60.22 1 0
github.com/dmitrovia/collector-metrics/internal/agentimplement/agentimplement.go:61.27,62.44 1 0
github.com/dmitrovia/collector-metrics/internal/agentimplement/agentimplement.go:63.33,64.50 1 0
github.com/dmitrovia/collector-metrics/internal/agentimplement/agentimplement.go:65.25,66.54 1 0
github.com/dmitrovia/collector-metrics/internal/agentimplement/agentimplement.go:77.3,88.6 5 0
github.com/dmitrovia/collector-metrics/internal/agentimplement/agentimplement.go:88.6,89.10 1 0
github.com/dmitrovia/collector-metrics/internal/agentimplement/agentimplement.go:90.24,91.10 1 0
github.com/dmitrovia/collector-metrics/internal/agentimplement/agentimplement.go:93.51,109.19 12 0
github.com/dmitrovia/collector-metrics/internal/agentimplement/agentimplement.go:121.3,130.6 4 0
github.com/dmitrovia/collector-metrics/internal/agentimplement/agentimplement.go:130.6,131.10 1 0
github.com/dmitrovia/collector-metrics/internal/agentimplement/agentimplement.go:132.24,133.10 1 0
github.com/dmitrovia/collector-metrics/internal/agentimplement/agentimplement.go:135.53,136.24 1 0
github.com/dmitrovia/collector-metrics/internal/agentimplement/agentimplement.go:136.24,145.5 7 0
github.com/dmitrovia/collector-metrics/internal/agentimplement/agentimplement.go:155.3,192.2 2 0
github.com/dmitrovia/collector-metrics/internal/agentimplement/agentimplement.go:199.3,212.16 10 0
github.com/dmitrovia/collector-metrics/internal/agentimplement/agentimplement.go:212.16,216.3 2 0
github.com/dmitrovia/collector-metrics/internal/agentimplement/agentimplement.go:218.2,222.53 3 0
github.com/dmitrovia/collector-metrics/internal/agentimplement/agentimplement.go:222.53,225.17 2 0
github.com/dmitrovia/collector-metrics/internal/agentimplement/agentimplement.go:225.17,235.12 5 0
github.com/dmitrovia/collector-metrics/internal/agentimplement/agentimplement.go:238.3,239.17 2 0
github.com/dmitrovia/collector-metrics/internal/agentimplement/agentimplement.go:239.17,248.12 5 0
github.com/dmitrovia/collector-metrics/internal/agentimplement/agentimplement.go:251.3,251.8 1 0
github.com/dmitrovia/collector-metrics/internal/agentimplement/agentimplement.go:254.2,254.25 1 0
github.com/dmitrovia/collector-metrics/internal/agentimplement/agentimplement.go:263.26,267.16 3 0
github.com/dmitrovia/collector-metrics/internal/agentimplement/agentimplement.go:267.16,269.3 1 0
github.com/dmitrovia/collector-metrics/internal/agentimplement/agentimplement.go:271.2,273.16 2 0
github.com/dmitrovia/collector-metrics/internal/agentimplement/agentimplement.go:273.16,276.3 1 0
github.com/dmitrovia/collector-metrics/internal/agentimplement/agentimplement.go:278.2,278.22 1 0
github.com/dmitrovia/collector-metrics/internal/agentimplement/agentimplement.go:278.22,281.17 2 0
github.com/dmitrovia/collector-metrics/internal/agentimplement/agentimplement.go:281.17,284.4 1 0
github.com/dmitrovia/collector-metrics/internal/agentimplement/agentimplement.go:286.3,288.29 2 0
github.com/dmitrovia/collector-metrics/internal/agentimplement/agentimplement.go:291.2,291.45 1 0
github.com/dmitrovia/collector-metrics/internal/agentimplement/agentimplement.go:297.20,300.42 2 0
github.com/dmitrovia/collector-metrics/internal/agentimplement/agentimplement.go:300.42,302.17 2 0
github.com/dmitrovia/collector-metrics/internal/agentimplement/agentimplement.go:302.17,304.4 1 0
github.com/dmitrovia/collector-metrics/internal/agentimplement/agentimplement.go:306.3,306.19 1 0
github.com/dmitrovia/collector-metrics/internal/agentimplement/agentimplement.go:309.2,311.25 2 0
github.com/dmitrovia/collector-metrics/internal/agentimplement/agentimplement.go:317.25,324.34 3 0
github.com/dmitrovia/collector-metrics/internal/agentimplement/agentimplement.go:324.34,330.3 5 0
github.com/dmitrovia/collector-metrics/internal/agentimplement/agentimplement.go:332.2,332.33 1 0
github.com/dmitrovia/collector-metrics/internal/agentimplement/agentimplement.go:332.33,338.3 5 0
github.com/dmitrovia/collector-metrics/internal/agentimplement/agentimplement.go:340.2,340.14 1 0
github.com/dmitrovia/collector-metrics/internal/agentimplement/agentimplement.go:347.9,359.16 10 0
github.com/dmitrovia/collector-metrics/internal/agentimplement/agentimplement.go:359.16,361.3 1 0
github.com/dmitrovia/collector-metrics/internal/agentimplement/agentimplement.go:363.2,364.16 2 0
github.com/dmitrovia/collector-metrics/internal/agentimplement/agentimplement.go:364.16,366.3 1 0
github.com/dmitrovia/collector-metrics/internal/agentimplement/agentimplement.go:368.2,369.16 2 0
github.com/dmitrovia/collector-metrics/internal/agentimplement/agentimplement.go:369.16,371.3 1 0
github.com/dmitrovia/collector-metrics/internal/agentimplement/agentimplement.go:373.2,377.12 3 0
github.com/dmitrovia/collector-metrics/internal/agentimplement/agentimplement.go:383.9,387.29 3 0
github.com/dmitrovia/collector-metrics/internal/agentimplement/agentimplement.go:387.29,389.17 2 0
github.com/dmitrovia/collector-metrics/internal/agentimplement/agentimplement.go:389.17,391.4 1 0
github.com/dmitrovia/collector-metrics/internal/agentimplement/agentimplement.go:393.3,393.32 1 0
github.com/dmitrovia/collector-metrics/internal/agentimplement/agentimplement.go:396.2,396.27 1 0
github.com/dmitrovia/collector-metrics/internal/agentimplement/agentimplement.go:396.27,398.17 2 0
github.com/dmitrovia/collector-metrics/internal/agentimplement/agentimplement.go:398.17,400.4 1 0
github.com/dmitrovia/collector-metrics/internal/agentimplement/agentimplement.go:402.3,402.30 1 0
github.com/dmitrovia/collector-metrics/internal/agentimplement/agentimplement.go:405.2,405.12 1 0
github.com/dmitrovia/collector-metrics/internal/agentimplement/agentimplement.go:409.54,414.15 4 0
github.com/dmitrovia/collector-metrics/internal/agentimplement/agentimplement.go:414.15,416.3 1 0
github.com/dmitrovia/collector-metrics/internal/agentimplement/agentimplement.go:418.2,418.22 1 0
github.com/dmitrovia/collector-metrics/internal/agentimplement/agentimplement.go:418.22,421.17 2 0
github.com/dmitrovia/collector-metrics/internal/agentimplement/agentimplement.go:421.17,423.4 1 0
github.com/dmitrovia/collector-metrics/internal/agentimplement/agentimplement.go:425.3,425.11 1 0
github.com/dmitrovia/collector-metrics/internal/agentimplement/agentimplement.go:425.11,427.4 1 0
github.com/dmitrovia/collector-metrics/internal/agentimplement/agentimplement.go:429.3,429.27 1 0
github.com/dmitrovia/collector-metrics/internal/agentimplement/agentimplement.go:432.2,432.24 1 0
github.com/dmitrovia/collector-metrics/internal/agentimplement/agentimplement.go:432.24,434.17 2 0
github.com/dmitrovia/collector-metrics/internal/agentimplement/agentimplement.go:434.17,436.4 1 0
github.com/dmitrovia/collector-metrics/internal/agentimplement/agentimplement.go:438.3,438.27 1 0
github.com/dmitrovia/collector-metrics/internal/agentimplement/agentimplement.go:441.2,441.12 1 0
github.com/dmitrovia/collector-metrics/internal/agentimplement/agentimplement.go:445.58,471.24 9 0
github.com/dmitrovia/collector-metrics/internal/agentimplement/agentimplement.go:471.24,473.3 1 0
github.com/dmitrovia/collector-metrics/internal/agentimplement/agentimplement.go:475.2,475.12 1 0
github.com/dmitrovia/collector-metrics/internal/agentimplement/agentimplement.go:481.3,490.29 6 0
github.com/dmitrovia/collector-metrics/internal/agentimplement/agentimplement.go:490.29,492.3 1 0
github.com/dmitrovia/collector-metrics/internal/agentimplement/agentimplement.go:493.2,493.16 1 0
github.com/dmitrovia/collector-metrics/internal/agentimplement/agentimplement.go:500.3,512.16 8 0
github.com/dmitrovia/collector-metrics/internal/agentimplement/agentimplement.go:512.16,514.3 1 0
github.com/dmitrovia/collector-metrics/internal/agentimplement/agentimplement.go:514.8,516.3 1 0
github.com/dmitrovia/collector-metrics/internal/agentimplement/agentimplement.go:518.2,518.16 1 0
github.com/dmitrovia/collector-metrics/internal/agentimplement/agentimplement.go:522.46,554.2 29 0
github.com/dmitrovia/collector-metrics/cmd/server/main.go:17.13,28.16 6 0
github.com/dmitrovia/collector-metrics/cmd/server/main.go:28.16,32.3 2 0
github.com/dmitrovia/collector-metrics/cmd/server/main.go:34.2,38.16 3 0
github.com/dmitrovia/collector-metrics/cmd/server/main.go:38.16,42.3 2 0
github.com/dmitrovia/collector-metrics/cmd/server/main.go:44.2,44.17 1 0
github.com/dmitrovia/collector-metrics/cmd/server/main.go:44.17,46.3 1 0
github.com/dmitrovia/collector-metrics/cmd/server/main.go:48.2,53.16 4 0
github.com/dmitrovia/collector-metrics/cmd/server/main.go:53.16,57.3 2 0
github.com/dmitrovia/collector-metrics/cmd/server/main.go:59.2,67.16 6 0
github.com/dmitrovia/collector-metrics/cmd/server/main.go:67.16,71.3 2 0
github.com/dmitrovia/collector-metrics/cmd/server/main.go:73.2,74.16 2 0
github.com/dmitrovia/collector-metrics/cmd/server/main.go:74.16,76.3 1 0
github.com/dmitrovia/collector-metrics/internal/endpoints/sendmetricsjsonendpoint/sendmetricsjsonendpoint.go:19.27,27.16 4 0
github.com/dmitrovia/collector-metrics/internal/endpoints/sendmetricsjsonendpoint/sendmetricsjsonendpoint.go:27.16,32.3 1 0
github.com/dmitrovia/collector-metrics/internal/endpoints/sendmetricsjsonendpoint/sendmetricsjsonendpoint.go:34.2,38.27 4 0
github.com/dmitrovia/collector-metrics/internal/endpoints/sendmetricsjsonendpoint/sendmetricsjsonendpoint.go:38.27,40.3 1 0
github.com/dmitrovia/collector-metrics/internal/endpoints/sendmetricsjsonendpoint/sendmetricsjsonendpoint.go:42.2,43.16 2 0
github.com/dmitrovia/collector-metrics/internal/endpoints/sendmetricsjsonendpoint/sendmetricsjsonendpoint.go:43.16,47.3 1 0
github.com/dmitrovia/collector-metrics/internal/endpoints/sendmetricsjsonendpoint/sendmetricsjsonendpoint.go:49.2,49.18 1 0
github.com/dmitrovia/collector-metrics/internal/handlers/defaulthandler/defaulthandler.go:25.59,27.2 1 0
github.com/dmitrovia/collector-metrics/internal/handlers/defaulthandler/defaulthandler.go:38.3,42.16 3 0
github.com/dmitrovia/collector-metrics/internal/handlers/defaulthandler/defaulthandler.go:42.16,46.3 2 0
github.com/dmitrovia/collector-metrics/internal/handlers/defaulthandler/defaulthandler.go:48.2,49.16 2 0
github.com/dmitrovia/collector-metrics/internal/handlers/defaulthandler/defaulthandler.go:49.16,53.3 2 0
github.com/dmitrovia/collector-metrics/internal/handlers/defaulthandler/defaulthandler.go:55.2,55.35 1 0
github.com/dmitrovia/collector-metrics/internal/handlers/defaulthandler/defaulthandler.go:55.35,57.3 1 0
github.com/dmitrovia/collector-metrics/internal/handlers/defaulthandler/defaulthandler.go:59.2,59.33 1 0
github.com/dmitrovia/collector-metrics/internal/handlers/defaulthandler/defaulthandler.go:59.33,62.3 1 0
github.com/dmitrovia/collector-metrics/internal/handlers/defaulthandler/defaulthandler.go:64.2,70.16 3 0
github.com/dmitrovia/collector-metrics/internal/handlers/defaulthandler/defaulthandler.go:70.16,74.3 2 0
github.com/dmitrovia/collector-metrics/internal/handlers/defaulthandler/defaulthandler.go:74.8,79.17 4 0
github.com/dmitrovia/collector-metrics/internal/handlers/defaulthandler/defaulthandler.go:79.17,82.4 2 0
github.com/dmitrovia/collector-metrics/internal/functions/random/random.go:12.41,14.16 2 0
github.com/dmitrovia/collector-metrics/internal/functions/random/random.go:14.16,16.3 1 0
github.com/dmitrovia/collector-metrics/internal/functions/random/random.go:18.2,18.26 1 0
github.com/dmitrovia/collector-metrics/internal/functions/random/random.go:22.46,26.16 3 0
github.com/dmitrovia/collector-metrics/internal/functions/random/random.go:26.16,28.3 1 0
github.com/dmitrovia/collector-metrics/internal/functions/random/random.go:30.2,30.43 1 0
github.com/dmitrovia/collector-metrics/internal/handlers/notallowedhandler/notallowedhandler.go:15.3,17.2 1 0
github.com/dmitrovia/collector-metrics/internal/handlers/notallowedhandler/notallowedhandler.go:22.3,27.2 3 0
github.com/dmitrovia/collector-metrics/internal/handlers/pinghandler/pinghandler.go:24.16,26.2 1 0
github.com/dmitrovia/collector-metrics/internal/handlers/pinghandler/pinghandler.go:31.3,38.16 4 0
github.com/dmitrovia/collector-metrics/internal/handlers/pinghandler/pinghandler.go:38.16,44.3 2 0
github.com/dmitrovia/collector-metrics/internal/handlers/pinghandler/pinghandler.go:46.2,47.35 2 0
github.com/dmitrovia/collector-metrics/internal/logger/logger.go:12.52,14.16 2 0
github.com/dmitrovia/collector-metrics/internal/logger/logger.go:14.16,17.3 1 0
github.com/dmitrovia/collector-metrics/internal/logger/logger.go:19.2,24.16 4 0
github.com/dmitrovia/collector-metrics/internal/logger/logger.go:24.16,26.3 1 0
github.com/dmitrovia/collector-metrics/internal/logger/logger.go:28.2,28.16 1 0
github.com/dmitrovia/collector-metrics/internal/migrator/migrator.go:27.22,29.16 2 0
github.com/dmitrovia/collector-metrics/internal/migrator/migrator.go:29.16,32.3 1 0
github.com/dmitrovia/collector-metrics/internal/migrator/migrator.go:34.2,36.8 1 0
github.com/dmitrovia/collector-metrics/internal/migrator/migrator.go:40.54,44.16 2 0
github.com/dmitrovia/collector-metrics/internal/migrator/migrator.go:44.16,46.3 1 0
github.com/dmitrovia/collector-metrics/internal/migrator/migrator.go:48.2,53.16 2 0
github.com/dmitrovia/collector-metrics/internal/migrator/migrator.go:53.16,55.3 1 0
github.com/dmitrovia/collector-metrics/internal/migrator/migrator.go:57.2,60.56 3 0
github.com/dmitrovia/collector-metrics/internal/migrator/migrator.go:60.56,62.3 1 0
github.com/dmitrovia/collector-metrics/internal/migrator/migrator.go:64.2,64.12 1 0
github.com/dmitrovia/collector-metrics/internal/middleware/gzipcompressmiddleware/gzipcompressmiddleware.go:24.19,29.2 1 0
github.com/dmitrovia/collector-metrics/internal/middleware/gzipcompressmiddleware/gzipcompressmiddleware.go:31.47,33.2 1 0
github.com/dmitrovia/collector-metrics/internal/middleware/gzipcompressmiddleware/gzipcompressmiddleware.go:35.55,37.16 2 0
github.com/dmitrovia/collector-metrics/internal/middleware/gzipcompressmiddleware/gzipcompressmiddleware.go:37.16,39.3 1 0
github.com/dmitrovia/collector-metrics/internal/middleware/gzipcompressmiddleware/gzipcompressmiddleware.go:41.2,41.16 1 0
github.com/dmitrovia/collector-metrics/internal/middleware/gzipcompressmiddleware/gzipcompressmiddleware.go:44.54,45.26 1 0
github.com/dmitrovia/collector-metrics/internal/middleware/gzipcompressmiddleware/gzipcompressmiddleware.go:45.26,47.3 1 0
github.com/dmitrovia/collector-metrics/internal/middleware/gzipcompressmiddleware/gzipcompressmiddleware.go:49.2,49.29 1 0
github.com/dmitrovia/collector-metrics/internal/middleware/gzipcompressmiddleware/gzipcompressmiddleware.go:52.40,54.16 2 0
github.com/dmitrovia/collector-metrics/internal/middleware/gzipcompressmiddleware/gzipcompressmiddleware.go:54.16,56.3 1 0
github.com/dmitrovia/collector-metrics/internal/middleware/gzipcompressmiddleware/gzipcompressmiddleware.go:58.2,58.12 1 0
github.com/dmitrovia/collector-metrics/internal/middleware/gzipcompressmiddleware/gzipcompressmiddleware.go:68.28,70.16 2 0
github.com/dmitrovia/collector-metrics/internal/middleware/gzipcompressmiddleware/gzipcompressmiddleware.go:70.16,72.3 1 0
github.com/dmitrovia/collector-metrics/internal/middleware/gzipcompressmiddleware/gzipcompressmiddleware.go:74.2,77.8 1 0
github.com/dmitrovia/collector-metrics/internal/middleware/gzipcompressmiddleware/gzipcompressmiddleware.go:80.53,84.2 2 0
github.com/dmitrovia/collector-metrics/internal/middleware/gzipcompressmiddleware/gzipcompressmiddleware.go:86.40,87.36 1 0
github.com/dmitrovia/collector-metrics/internal/middleware/gzipcompressmiddleware/gzipcompressmiddleware.go:87.36,89.3 1 0
github.com/dmitrovia/collector-metrics/internal/middleware/gzipcompressmiddleware/gzipcompressmiddleware.go:91.2,92.17 2 0
github.com/dmitrovia/collector-metrics/internal/middleware/gzipcompressmiddleware/gzipcompressmiddleware.go:92.17,94.3 1 0
github.com/dmitrovia/collector-metrics/internal/middleware/gzipcompressmiddleware/gzipcompressmiddleware.go:96.2,96.12 1 0
github.com/dmitrovia/collector-metrics/internal/middleware/gzipcompressmiddleware/gzipcompressmiddleware.go:100.55,101.50 1 0
github.com/dmitrovia/collector-metrics/internal/middleware/gzipcompressmiddleware/gzipcompressmiddleware.go:101.50,104.5 1 0
github.com/dmitrovia/collector-metrics/internal/middleware/gzipcompressmiddleware/gzipcompressmiddleware.go:104.5,121.20 8 0
github.com/dmitrovia/collector-metrics/internal/middleware/gzipcompressmiddleware/gzipcompressmiddleware.go:121.20,125.5 3 0
github.com/dmitrovia/collector-metrics/internal/middleware/gzipcompressmiddleware/gzipcompressmiddleware.go:127.4,130.17 3 0
github.com/dmitrovia/collector-metrics/internal/middleware/gzipcompressmiddleware/gzipcompressmiddleware.go:130.17,132.19 2 0
github.com/dmitrovia/collector-metrics/internal/middleware/gzipcompressmiddleware/gzipcompressmiddleware.go:132.19,138.6 3 0
github.com/dmitrovia/collector-metrics/internal/middleware/gzipcompressmiddleware/gzipcompressmiddleware.go:140.5,142.33 2 0
github.com/dmitrovia/collector-metrics/internal/middleware/gzipcompressmiddleware/gzipcompressmiddleware.go:146.4,146.34 1 0
github.com/dmitrovia/collector-metrics/internal/middleware/gzipcompressmiddleware/gzipcompressmiddleware.go:149.3,149.34 1 0
github.com/dmitrovia/collector-metrics/internal/middleware/gzipcompressmiddleware/gzipcompressmiddleware.go:152.2,152.16 1 0
github.com/dmitrovia/collector-metrics/internal/models/bizmodels/bizmodels.go:70.26,105.2 32 0
github.com/dmitrovia/collector-metrics/internal/middleware/loggermiddleware/loggermiddleware.go:31.16,33.16 2 0
github.com/dmitrovia/collector-metrics/internal/middleware/loggermiddleware/loggermiddleware.go:33.16,36.3 1 0
github.com/dmitrovia/collector-metrics/internal/middleware/loggermiddleware/loggermiddleware.go:38.2,40.18 2 0
github.com/dmitrovia/collector-metrics/internal/middleware/loggermiddleware/loggermiddleware.go:45.3,48.2 2 0
github.com/dmitrovia/collector-metrics/internal/middleware/loggermiddleware/loggermiddleware.go:53.35,54.50 1 0
github.com/dmitrovia/collector-metrics/internal/middleware/loggermiddleware/loggermiddleware.go:54.50,57.5 1 0
github.com/dmitrovia/collector-metrics/internal/middleware/loggermiddleware/loggermiddleware.go:57.5,81.4 6 0
github.com/dmitrovia/collector-metrics/internal/middleware/loggermiddleware/loggermiddleware.go:83.3,83.33 1 0
github.com/dmitrovia/collector-metrics/internal/middleware/loggermiddleware/loggermiddleware.go:86.2,86.16 1 0
github.com/dmitrovia/collector-metrics/internal/service/service.go:47.3,54.16 4 0
github.com/dmitrovia/collector-metrics/internal/service/service.go:54.16,58.3 1 0
github.com/dmitrovia/collector-metrics/internal/service/service.go:60.2,60.21 1 0
github.com/dmitrovia/collector-metrics/internal/service/service.go:66.3,73.16 4 0
github.com/dmitrovia/collector-metrics/internal/service/service.go:73.16,76.3 1 0
github.com/dmitrovia/collector-metrics/internal/service/service.go:78.2,78.20 1 0
github.com/dmitrovia/collector-metrics/internal/service/service.go:84.3,91.16 4 0
github.com/dmitrovia/collector-metrics/internal/service/service.go:91.16,94.3 1 0
github.com/dmitrovia/collector-metrics/internal/service/service.go:96.2,96.22 1 0
github.com/dmitrovia/collector-metrics/internal/service/service.go:103.9,110.16 4 0
github.com/dmitrovia/collector-metrics/internal/service/service.go:110.16,112.3 1 0
github.com/dmitrovia/collector-metrics/internal/service/service.go:114.2,114.12 1 0
github.com/dmitrovia/collector-metrics/internal/service/service.go:118.43,125.16 4 0
github.com/dmitrovia/collector-metrics/internal/service/service.go:125.16,127.3 1 0
github.com/dmitrovia/collector-metrics/internal/service/service.go:129.2,132.16 3 0
github.com/dmitrovia/collector-metrics/internal/service/service.go:132.16,135.3 1 0
github.com/dmitrovia/collector-metrics/internal/service/service.go:137.2,138.16 2 0
github.com/dmitrovia/collector-metrics/internal/service/service.go:138.16,141.3 1 0
github.com/dmitrovia/collector-metrics/internal/service/service.go:143.2,144.16 2 0
github.com/dmitrovia/collector-metrics/internal/service/service.go:144.16,147.3 1 0
github.com/dmitrovia/collector-metrics/internal/service/service.go:149.2,150.16 2 0
github.com/dmitrovia/collector-metrics/internal/service/service.go:150.16,153.3 1 0
github.com/dmitrovia/collector-metrics/internal/service/service.go:155.2,155.12 1 0
github.com/dmitrovia/collector-metrics/internal/service/service.go:161.9,164.35 2 0
github.com/dmitrovia/collector-metrics/internal/service/service.go:164.35,171.17 6 0
github.com/dmitrovia/collector-metrics/internal/service/service.go:171.17,173.4 1 0
github.com/dmitrovia/collector-metrics/internal/service/service.go:175.3,178.17 3 0
github.com/dmitrovia/collector-metrics/internal/service/service.go:178.17,180.4 1 0
github.com/dmitrovia/collector-metrics/internal/service/service.go:183.2,183.12 1 0
github.com/dmitrovia/collector-metrics/internal/service/service.go:189.9,192.31 2 0
github.com/dmitrovia/collector-metrics/internal/service/service.go:192.31,199.17 6 0
github.com/dmitrovia/collector-metrics/internal/service/service.go:199.17,201.4 1 0
github.com/dmitrovia/collector-metrics/internal/service/service.go:203.3,206.17 3 0
github.com/dmitrovia/collector-metrics/internal/service/service.go:206.17,208.4 1 0
github.com/dmitrovia/collector-metrics/internal/service/service.go:211.2,211.12 1 0
github.com/dmitrovia/collector-metrics/internal/service/service.go:215.45,222.16 4 0
github.com/dmitrovia/collector-metrics/internal/service/service.go:222.16,224.3 1 0
github.com/dmitrovia/collector-metrics/internal/service/service.go:226.2,229.21 3 0
github.com/dmitrovia/collector-metrics/internal/service/service.go:229.21,234.17 4 0
github.com/dmitrovia/collector-metrics/internal/service/service.go:234.17,236.4 1 0
github.com/dmitrovia/collector-metrics/internal/service/service.go:238.3,238.40 1 0
github.com/dmitrovia/collector-metrics/internal/service/service.go:238.40,245.18 3 0
github.com/dmitrovia/collector-metrics/internal/service/service.go:245.18,247.5 1 0
github.com/dmitrovia/collector-metrics/internal/service/service.go:248.9,248.49 1 0
github.com/dmitrovia/collector-metrics/internal/service/service.go:248.49,255.18 3 0
github.com/dmitrovia/collector-metrics/internal/service/service.go:255.18,257.5 1 0
github.com/dmitrovia/collector-metrics/internal/service/service.go:260.3,260.39 1 0
github.com/dmitrovia/collector-metrics/internal/service/service.go:260.39,262.4 1 0
github.com/dmitrovia/collector-metrics/internal/service/service.go:265.2,265.12 1 0
github.com/dmitrovia/collector-metrics/internal/service/service.go:269.59,278.16 5 0
github.com/dmitrovia/collector-metrics/internal/service/service.go:278.16,280.3 1 0
github.com/dmitrovia/collector-metrics/internal/service/service.go:282.2,282.12 1 0
github.com/dmitrovia/collector-metrics/internal/service/service.go:289.31,298.16 5 0
github.com/dmitrovia/collector-metrics/internal/service/service.go:298.16,300.3 1 0
github.com/dmitrovia/collector-metrics/internal/service/service.go:302.2,302.17 1 0
github.com/dmitrovia/collector-metrics/internal/service/service.go:306.56,313.16 4 0
github.com/dmitrovia/collector-metrics/internal/service/service.go:313.16,315.3 1 0
github.com/dmitrovia/collector-metrics/internal/service/service.go:317.2,317.23 1 0
github.com/dmitrovia/collector-metrics/internal/service/service.go:321.54,328.16 4 0
github.com/dmitrovia/collector-metrics/internal/service/service.go:328.16,330.3 1 0
github.com/dmitrovia/collector-metrics/internal/service/service.go:332.2,332.23 1 0
github.com/dmitrovia/collector-metrics/internal/service/service.go:339.7,341.2 1 0
github.com/dmitrovia/collector-metrics/internal/serverimplement/serverimplement.go:79.39,88.27 4 0
github.com/dmitrovia/collector-metrics/internal/serverimplement/serverimplement.go:88.27,93.17 3 0
github.com/dmitrovia/collector-metrics/internal/serverimplement/serverimplement.go:93.17,97.4 1 0
github.com/dmitrovia/collector-metrics/internal/serverimplement/serverimplement.go:99.3,101.28 2 0
github.com/dmitrovia/collector-metrics/internal/serverimplement/serverimplement.go:104.2,109.24 3 0
github.com/dmitrovia/collector-metrics/internal/serverimplement/serverimplement.go:113.53,114.27 1 0
github.com/dmitrovia/collector-metrics/internal/serverimplement/serverimplement.go:114.27,116.3 1 0
github.com/dmitrovia/collector-metrics/internal/serverimplement/serverimplement.go:118.2,120.16 2 0
github.com/dmitrovia/collector-metrics/internal/serverimplement/serverimplement.go:120.16,123.3 1 0
github.com/dmitrovia/collector-metrics/internal/serverimplement/serverimplement.go:125.2,126.16 2 0
github.com/dmitrovia/collector-metrics/internal/serverimplement/serverimplement.go:126.16,128.3 1 0
github.com/dmitrovia/collector-metrics/internal/serverimplement/serverimplement.go:130.2,133.16 3 0
github.com/dmitrovia/collector-metrics/internal/serverimplement/serverimplement.go:133.16,136.3 1 0
github.com/dmitrovia/collector-metrics/internal/serverimplement/serverimplement.go:138.2,138.12 1 0
github.com/dmitrovia/collector-metrics/internal/serverimplement/serverimplement.go:145.3,152.28 4 0
github.com/dmitrovia/collector-metrics/internal/serverimplement/serverimplement.go:152.28,154.17 2 0
github.com/dmitrovia/collector-metrics/internal/serverimplement/serverimplement.go:154.17,156.4 1 0
github.com/dmitrovia/collector-metrics/internal/serverimplement/serverimplement.go:158.3,159.47 2 0
github.com/dmitrovia/collector-metrics/internal/serverimplement/serverimplement.go:160.8,161.7 1 0
github.com/dmitrovia/collector-metrics/internal/serverimplement/serverimplement.go:161.7,162.11 1 0
github.com/dmitrovia/collector-metrics/internal/serverimplement/serverimplement.go:163.32,166.11 2 0
github.com/dmitrovia/collector-metrics/internal/serverimplement/serverimplement.go:168.53,170.19 2 0
github.com/dmitrovia/collector-metrics/internal/serverimplement/serverimplement.go:170.19,172.6 1 0
github.com/dmitrovia/collector-metrics/internal/serverimplement/serverimplement.go:179.37,181.16 2 0
github.com/dmitrovia/collector-metrics/internal/serverimplement/serverimplement.go:181.16,185.3 2 0
github.com/dmitrovia/collector-metrics/internal/serverimplement/serverimplement.go:192.24,194.16 2 0
github.com/dmitrovia/collector-metrics/internal/serverimplement/serverimplement.go:194.16,196.3 1 0
github.com/dmitrovia/collector-metrics/internal/serverimplement/serverimplement.go:198.2,199.16 2 0
github.com/dmitrovia/collector-metrics/internal/serverimplement/serverimplement.go:199.16,202.3 1 0
github.com/dmitrovia/collector-metrics/internal/serverimplement/serverimplement.go:204.2,205.16 2 0
github.com/dmitrovia/collector-metrics/internal/serverimplement/serverimplement.go:205.16,207.3 1 0
github.com/dmitrovia/collector-metrics/internal/serverimplement/serverimplement.go:209.2,213.16 4 0
github.com/dmitrovia/collector-metrics/internal/serverimplement/serverimplement.go:213.16,215.3 1 0
github.com/dmitrovia/collector-metrics/internal/serverimplement/serverimplement.go:217.2,217.18 1 0
github.com/dmitrovia/collector-metrics/internal/serverimplement/serverimplement.go:221.53,224.9 2 0
github.com/dmitrovia/collector-metrics/internal/serverimplement/serverimplement.go:224.9,227.3 1 0
github.com/dmitrovia/collector-metrics/internal/serverimplement/serverimplement.go:229.2,247.12 10 0
github.com/dmitrovia/collector-metrics/internal/serverimplement/serverimplement.go:251.41,256.2 4 0
github.com/dmitrovia/collector-metrics/internal/serverimplement/serverimplement.go:264.3,280.17 6 0
github.com/dmitrovia/collector-metrics/internal/serverimplement/serverimplement.go:280.17,282.17 2 0
github.com/dmitrovia/collector-metrics/internal/serverimplement/serverimplement.go:282.17,284.4 1 0
github.com/dmitrovia/collector-metrics/internal/serverimplement/serverimplement.go:294.3,319.2 14 0
github.com/dmitrovia/collector-metrics/internal/serverimplement/serverimplement.go:327.3,361.2 16 0
github.com/dmitrovia/collector-metrics/internal/serverimplement/serverimplement.go:364.52,369.26 3 0
github.com/dmitrovia/collector-metrics/internal/serverimplement/serverimplement.go:369.26,371.3 1 0
github.com/dmitrovia/collector-metrics/internal/serverimplement/serverimplement.go:377.9,381.18 3 0
github.com/dmitrovia/collector-metrics/internal/serverimplement/serverimplement.go:381.18,383.3 1 0
github.com/dmitrovia/collector-metrics/internal/serverimplement/serverimplement.go:385.2,385.22 1 0
github.com/dmitrovia/collector-metrics/internal/serverimplement/serverimplement.go:385.22,387.17 2 0
github.com/dmitrovia/collector-metrics/internal/serverimplement/serverimplement.go:387.17,389.4 1 0
github.com/dmitrovia/collector-metrics/internal/serverimplement/serverimplement.go:391.3,391.25 1 0
github.com/dmitrovia/collector-metrics/internal/serverimplement/serverimplement.go:394.2,394.12 1 0
github.com/dmitrovia/collector-metrics/internal/serverimplement/serverimplement.go:398.56,405.15 5 0
github.com/dmitrovia/collector-metrics/internal/serverimplement/serverimplement.go:405.15,407.3 1 0
github.com/dmitrovia/collector-metrics/internal/serverimplement/serverimplement.go:409.2,409.17 1 0
github.com/dmitrovia/collector-metrics/internal/serverimplement/serverimplement.go:409.17,411.3 1 0
github.com/dmitrovia/collector-metrics/internal/serverimplement/serverimplement.go:413.2,413.17 1 0
github.com/dmitrovia/collector-metrics/internal/serverimplement/serverimplement.go:413.17,415.17 2 0
github.com/dmitrovia/collector-metrics/internal/serverimplement/serverimplement.go:415.17,417.4 1 0
github.com/dmitrovia/collector-metrics/internal/serverimplement/serverimplement.go:419.3,419.31 1 0
github.com/dmitrovia/collector-metrics/internal/serverimplement/serverimplement.go:422.2,424.16 2 0
github.com/dmitrovia/collector-metrics/internal/serverimplement/serverimplement.go:424.16,427.3 1 0
github.com/dmitrovia/collector-metrics/internal/serverimplement/serverimplement.go:429.2,429.10 1 0
github.com/dmitrovia/collector-metrics/internal/serverimplement/serverimplement.go:429.10,431.3 1 0
github.com/dmitrovia/collector-metrics/internal/serverimplement/serverimplement.go:433.2,433.12 1 0
github.com/dmitrovia/collector-metrics/internal/storage/memoryrepository/memoryRepository.go:31.9,32.31 1 0
github.com/dmitrovia/collector-metrics/internal/storage/memoryrepository/memoryRepository.go:32.31,34.17 2 0
github.com/dmitrovia/collector-metrics/internal/storage/memoryrepository/memoryRepository.go:34.17,36.4 1 0
github.com/dmitrovia/collector-metrics/internal/storage/memoryrepository/memoryRepository.go:39.2,39.35 1 0
github.com/dmitrovia/collector-metrics/internal/storage/memoryrepository/memoryRepository.go:39.35,41.17 2 0
github.com/dmitrovia/collector-metrics/internal/storage/memoryrepository/memoryRepository.go:41.17,43.4 1 0
github.com/dmitrovia/collector-metrics/internal/storage/memoryrepository/memoryRepository.go:46.2,46.12 1 0
github.com/dmitrovia/collector-metrics/internal/storage/memoryrepository/memoryRepository.go:50.35,55.2 4 0
github.com/dmitrovia/collector-metrics/internal/storage/memoryrepository/memoryRepository.go:61.3,63.2 1 0
github.com/dmitrovia/collector-metrics/internal/storage/memoryrepository/memoryRepository.go:69.3,71.2 1 0
github.com/dmitrovia/collector-metrics/internal/storage/memoryrepository/memoryRepository.go:77.29,79.8 2 0
github.com/dmitrovia/collector-metrics/internal/storage/memoryrepository/memoryRepository.go:79.8,81.3 1 0
github.com/dmitrovia/collector-metrics/internal/storage/memoryrepository/memoryRepository.go:83.2,83.31 1 0
github.com/dmitrovia/collector-metrics/internal/storage/memoryrepository/memoryRepository.go:91.31,93.8 2 0
github.com/dmitrovia/collector-metrics/internal/storage/memoryrepository/memoryRepository.go:93.8,95.3 1 0
github.com/dmitrovia/collector-metrics/internal/storage/memoryrepository/memoryRepository.go:97.2,97.31 1 0
github.com/dmitrovia/collector-metrics/internal/storage/memoryrepository/memoryRepository.go:104.9,110.2 4 0
github.com/dmitrovia/collector-metrics/internal/storage/memoryrepository/memoryRepository.go:116.31,122.8 4 0
github.com/dmitrovia/collector-metrics/internal/storage/memoryrepository/memoryRepository.go:122.8,129.3 5 0
github.com/dmitrovia/collector-metrics/internal/storage/memoryrepository/memoryRepository.go:131.2,134.21 3 0
github.com/dmitrovia/collector-metrics/internal/storage/memoryrepository/memoryRepository.go:140.34,142.16 2 0
github.com/dmitrovia/collector-metrics/internal/storage/memoryrepository/memoryRepository.go:142.16,145.3 1 0
github.com/dmitrovia/collector-metrics/internal/storage/memoryrepository/memoryRepository.go:147.2,148.16 2 0
github.com/dmitrovia/collector-metrics/internal/storage/memoryrepository/memoryRepository.go:148.16,151.3 1 0
github.com/dmitrovia/collector-metrics/internal/storage/memoryrepository/memoryRepository.go:153.2,157.21 4 0
github.com/dmitrovia/collector-metrics/internal/storage/memoryrepository/memoryRepository.go:165.3,169.31 3 0
github.com/dmitrovia/collector-metrics/internal/storage/memoryrepository/memoryRepository.go:169.31,176.3 5 0
github.com/dmitrovia/collector-metrics/internal/storage/memoryrepository/memoryRepository.go:178.2,178.23 1 0
github.com/dmitrovia/collector-metrics/internal/storage/memoryrepository/memoryRepository.go:187.3,191.35 3 0
github.com/dmitrovia/collector-metrics/internal/storage/memoryrepository/memoryRepository.go:191.35,198.3 5 0
github.com/dmitrovia/collector-metrics/internal/storage/memoryrepository/memoryRepository.go:200.2,200.25 1 0
github.com/dmitrovia/collector-metrics/internal/storage/dbrepository/DBRepository.go:27.3,32.2 4 0
github.com/dmitrovia/collector-metrics/internal/storage/dbrepository/DBRepository.go:35.31,36.2 0 0
github.com/dmitrovia/collector-metrics/internal/storage/dbrepository/DBRepository.go:43.9,44.31 1 0
github.com/dmitrovia/collector-metrics/internal/storage/dbrepository/DBRepository.go:44.31,46.17 2 0
github.com/dmitrovia/collector-metrics/internal/storage/dbrepository/DBRepository.go:46.17,48.4 1 0
github.com/dmitrovia/collector-metrics/internal/storage/dbrepository/DBRepository.go:51.2,51.35 1 0
github.com/dmitrovia/collector-metrics/internal/storage/dbrepository/DBRepository.go:51.35,53.17 2 0
github.com/dmitrovia/collector-metrics/internal/storage/dbrepository/DBRepository.go:53.17,55.4 1 0
github.com/dmitrovia/collector-metrics/internal/storage/dbrepository/DBRepository.go:58.2,58.12 1 0
github.com/dmitrovia/collector-metrics/internal/storage/dbrepository/DBRepository.go:64.34,66.16 2 0
github.com/dmitrovia/collector-metrics/internal/storage/dbrepository/DBRepository.go:66.16,69.3 1 0
github.com/dmitrovia/collector-metrics/internal/storage/dbrepository/DBRepository.go:71.2,72.16 2 0
github.com/dmitrovia/collector-metrics/internal/storage/dbrepository/DBRepository.go:72.16,75.3 1 0
github.com/dmitrovia/collector-metrics/internal/storage/dbrepository/DBRepository.go:77.2,81.21 4 0
github.com/dmitrovia/collector-metrics/internal/storage/dbrepository/DBRepository.go:89.3,100.16 4 0
github.com/dmitrovia/collector-metrics/internal/storage/dbrepository/DBRepository.go:100.16,103.3 1 0
github.com/dmitrovia/collector-metrics/internal/storage/dbrepository/DBRepository.go:105.2,107.18 2 0
github.com/dmitrovia/collector-metrics/internal/storage/dbrepository/DBRepository.go:107.18,109.17 2 0
github.com/dmitrovia/collector-metrics/internal/storage/dbrepository/DBRepository.go:109.17,111.4 1 0
github.com/dmitrovia/collector-metrics/internal/storage/dbrepository/DBRepository.go:111.9,118.4 5 0
github.com/dmitrovia/collector-metrics/internal/storage/dbrepository/DBRepository.go:121.2,121.20 1 0
github.com/dmitrovia/collector-metrics/internal/storage/dbrepository/DBRepository.go:130.3,141.16 4 0
github.com/dmitrovia/collector-metrics/internal/storage/dbrepository/DBRepository.go:141.16,145.3 1 0
github.com/dmitrovia/collector-metrics/internal/storage/dbrepository/DBRepository.go:147.2,149.18 2 0
github.com/dmitrovia/collector-metrics/internal/storage/dbrepository/DBRepository.go:149.18,151.17 2 0
github.com/dmitrovia/collector-metrics/internal/storage/dbrepository/DBRepository.go:151.17,153.4 1 0
github.com/dmitrovia/collector-metrics/internal/storage/dbrepository/DBRepository.go:153.9,160.4 5 0
github.com/dmitrovia/collector-metrics/internal/storage/dbrepository/DBRepository.go:163.2,163.22 1 0
github.com/dmitrovia/collector-metrics/internal/storage/dbrepository/DBRepository.go:170.3,182.16 4 0
github.com/dmitrovia/collector-metrics/internal/storage/dbrepository/DBRepository.go:182.16,185.3 1 0
github.com/dmitrovia/collector-metrics/internal/storage/dbrepository/DBRepository.go:187.2,189.18 2 0
github.com/dmitrovia/collector-metrics/internal/storage/dbrepository/DBRepository.go:189.18,191.17 2 0
github.com/dmitrovia/collector-metrics/internal/storage/dbrepository/DBRepository.go:191.17,193.4 1 0
github.com/dmitrovia/collector-metrics/internal/storage/dbrepository/DBRepository.go:193.9,199.4 4 0
github.com/dmitrovia/collector-metrics/internal/storage/dbrepository/DBRepository.go:202.2,202.20 1 0
github.com/dmitrovia/collector-metrics/internal/storage/dbrepository/DBRepository.go:209.3,221.16 4 0
github.com/dmitrovia/collector-metrics/internal/storage/dbrepository/DBRepository.go:221.16,224.3 1 0
github.com/dmitrovia/collector-metrics/internal/storage/dbrepository/DBRepository.go:226.2,228.18 2 0
github.com/dmitrovia/collector-metrics/internal/storage/dbrepository/DBRepository.go:228.18,230.17 2 0
github.com/dmitrovia/collector-metrics/internal/storage/dbrepository/DBRepository.go:230.17,232.4 1 0
github.com/dmitrovia/collector-metrics/internal/storage/dbrepository/DBRepository.go:232.9,238.4 4 0
github.com/dmitrovia/collector-metrics/internal/storage/dbrepository/DBRepository.go:241.2,241.22 1 0
github.com/dmitrovia/collector-metrics/internal/storage/dbrepository/DBRepository.go:248.29,261.16 6 0
github.com/dmitrovia/collector-metrics/internal/storage/dbrepository/DBRepository.go:261.16,264.3 1 0
github.com/dmitrovia/collector-metrics/internal/storage/dbrepository/DBRepository.go:266.2,269.18 3 0
github.com/dmitrovia/collector-metrics/internal/storage/dbrepository/DBRepository.go:277.31,290.16 6 0
github.com/dmitrovia/collector-metrics/internal/storage/dbrepository/DBRepository.go:290.16,294.3 1 0
github.com/dmitrovia/collector-metrics/internal/storage/dbrepository/DBRepository.go:296.2,299.18 3 0
github.com/dmitrovia/collector-metrics/internal/storage/dbrepository/DBRepository.go:306.9,314.16 3 0
github.com/dmitrovia/collector-metrics/internal/storage/dbrepository/DBRepository.go:314.16,316.3 1 0
github.com/dmitrovia/collector-metrics/internal/storage/dbrepository/DBRepository.go:318.2,318.30 1 0
github.com/dmitrovia/collector-metrics/internal/storage/dbrepository/DBRepository.go:318.30,324.17 2 0
github.com/dmitrovia/collector-metrics/internal/storage/dbrepository/DBRepository.go:324.17,326.4 1 0
github.com/dmitrovia/collector-metrics/internal/storage/dbrepository/DBRepository.go:328.2,330.12 2 0
github.com/dmitrovia/collector-metrics/internal/storage/dbrepository/DBRepository.go:337.31,344.16 3 0
github.com/dmitrovia/collector-metrics/internal/storage/dbrepository/DBRepository.go:344.16,348.3 1 0
github.com/dmitrovia/collector-metrics/internal/storage/dbrepository/DBRepository.go:350.2,350.30 1 0
github.com/dmitrovia/collector-metrics/internal/storage/dbrepository/DBRepository.go:350.30,356.17 2 0
github.com/dmitrovia/collector-metrics/internal/storage/dbrepository/DBRepository.go:356.17,360.4 1 0
github.com/dmitrovia/collector-metrics/internal/storage/dbrepository/DBRepository.go:362.3,362.22 1 0
github.com/dmitrovia/collector-metrics/internal/storage/dbrepository/DBRepository.go:365.2,366.16 2 0
github.com/dmitrovia/collector-metrics/internal/storage/dbrepository/DBRepository.go:366.16,370.3 1 0
github.com/dmitrovia/collector-metrics/internal/storage/dbrepository/DBRepository.go:372.2,374.18 2 0
github.com/dmitrovia/collector-metrics/internal/functions/validate/validate.go:16.17,18.16 2 25
github.com/dmitrovia/collector-metrics/internal/functions/validate/validate.go:18.16,20.3 1 0
github.com/dmitrovia/collector-metrics/internal/functions/validate/validate.go:22.2,22.17 1 25
github.com/dmitrovia/collector-metrics/internal/functions/validate/validate.go:25.58,27.16 2 25
github.com/dmitrovia/collector-metrics/internal/functions/validate/validate.go:27.16,29.3 1 25
github.com/dmitrovia/collector-metrics/internal/functions/validate/validate.go:31.2,31.50 1 0
github.com/dmitrovia/collector-metrics/internal/functions/validate/validate.go:36.39,38.2 1 0
github.com/dmitrovia/collector-metrics/internal/functions/validate/validate.go:42.38,44.2 1 0
github.com/dmitrovia/collector-metrics/internal/handlers/getmetrichandler/getmetrichandler.go:36.21,38.2 1 1
github.com/dmitrovia/collector-metrics/internal/handlers/getmetrichandler/getmetrichandler.go:44.3,54.14 6 13
github.com/dmitrovia/collector-metrics/internal/handlers/getmetrichandler/getmetrichandler.go:54.14,58.3 2 2
github.com/dmitrovia/collector-metrics/internal/handlers/getmetrichandler/getmetrichandler.go:60.2,66.18 3 11
github.com/dmitrovia/collector-metrics/internal/handlers/getmetrichandler/getmetrichandler.go:66.18,73.3 4 8
github.com/dmitrovia/collector-metrics/internal/handlers/getmetrichandler/getmetrichandler.go:75.2,75.28 1 3
github.com/dmitrovia/collector-metrics/internal/handlers/getmetrichandler/getmetrichandler.go:80.55,83.2 2 13
github.com/dmitrovia/collector-metrics/internal/handlers/getmetrichandler/getmetrichandler.go:88.15,93.10 4 13
github.com/dmitrovia/collector-metrics/internal/handlers/getmetrichandler/getmetrichandler.go:93.10,95.3 1 1
github.com/dmitrovia/collector-metrics/internal/handlers/getmetrichandler/getmetrichandler.go:97.2,100.10 3 12
github.com/dmitrovia/collector-metrics/internal/handlers/getmetrichandler/getmetrichandler.go:100.10,102.3 1 1
github.com/dmitrovia/collector-metrics/internal/handlers/getmetrichandler/getmetrichandler.go:104.2,104.28 1 11
github.com/dmitrovia/collector-metrics/internal/handlers/getmetrichandler/getmetrichandler.go:112.15,113.41 1 11
github.com/dmitrovia/collector-metrics/internal/handlers/getmetrichandler/getmetrichandler.go:113.41,115.3 1 6
github.com/dmitrovia/collector-metrics/internal/handlers/getmetrichandler/getmetrichandler.go:115.8,115.50 1 5
github.com/dmitrovia/collector-metrics/internal/handlers/getmetrichandler/getmetrichandler.go:115.50,117.3 1 5
github.com/dmitrovia/collector-metrics/internal/handlers/getmetrichandler/getmetrichandler.go:119.2,119.35 1 0
github.com/dmitrovia/collector-metrics/internal/handlers/getmetrichandler/getmetrichandler.go:128.15,130.16 2 6
github.com/dmitrovia/collector-metrics/internal/handlers/getmetrichandler/getmetrichandler.go:130.16,132.3 1 1
github.com/dmitrovia/collector-metrics/internal/handlers/getmetrichandler/getmetrichandler.go:134.2,136.28 2 5
github.com/dmitrovia/collector-metrics/internal/handlers/getmetrichandler/getmetrichandler.go:145.15,147.16 2 5
github.com/dmitrovia/collector-metrics/internal/handlers/getmetrichandler/getmetrichandler.go:147.16,149.3 1 2
github.com/dmitrovia/collector-metrics/internal/handlers/getmetrichandler/getmetrichandler.go:151.2,153.28 2 3
github.com/dmitrovia/collector-metrics/internal/logger/logger.go:12.52,14.16 2 1
github.com/dmitrovia/collector-metrics/internal/logger/logger.go:14.16,17.3 1 0
github.com/dmitrovia/collector-metrics/internal/logger/logger.go:19.2,24.16 4 1
github.com/dmitrovia/collector-metrics/internal/logger/logger.go:24.16,26.3 1 0
github.com/dmitrovia/collector-metrics/internal/logger/logger.go:28.2,28.16 1 1
github.com/dmitrovia/collector-metrics/internal/middleware/loggermiddleware/loggermiddleware.go:31.16,33.16 2 8
github.com/dmitrovia/collector-metrics/internal/middleware/loggermiddleware/loggermiddleware.go:33.16,36.3 1 0
github.com/dmitrovia/collector-metrics/internal/middleware/loggermiddleware/loggermiddleware.go:38.2,40.18 2 8
github.com/dmitrovia/collector-metrics/internal/middleware/loggermiddleware/loggermiddleware.go:45.3,48.2 2 13
github.com/dmitrovia/collector-metrics/internal/middleware/loggermiddleware/loggermiddleware.go:53.35,54.50 1 1
github.com/dmitrovia/collector-metrics/internal/middleware/loggermiddleware/loggermiddleware.go:54.50,57.5 1 13
github.com/dmitrovia/collector-metrics/internal/middleware/loggermiddleware/loggermiddleware.go:57.5,81.4 6 13
github.com/dmitrovia/collector-metrics/internal/middleware/loggermiddleware/loggermiddleware.go:83.3,83.33 1 13
github.com/dmitrovia/collector-metrics/internal/middleware/loggermiddleware/loggermiddleware.go:86.2,86.16 1 1
github.com/dmitrovia/collector-metrics/internal/models/bizmodels/bizmodels.go:70.26,105.2 32 0
github.com/dmitrovia/collector-metrics/internal/service/service.go:47.3,54.16 4 0
github.com/dmitrovia/collector-metrics/internal/service/service.go:54.16,58.3 1 0
github.com/dmitrovia/collector-metrics/internal/service/service.go:60.2,60.21 1 0
github.com/dmitrovia/collector-metrics/internal/service/service.go:66.3,73.16 4 0
github.com/dmitrovia/collector-metrics/internal/service/service.go:73.16,76.3 1 0
github.com/dmitrovia/collector-metrics/internal/service/service.go:78.2,78.20 1 0
github.com/dmitrovia/collector-metrics/internal/service/service.go:84.3,91.16 4 0
github.com/dmitrovia/collector-metrics/internal/service/service.go:91.16,94.3 1 0
github.com/dmitrovia/collector-metrics/internal/service/service.go:96.2,96.22 1 0
github.com/dmitrovia/collector-metrics/internal/service/service.go:103.9,110.16 4 0
github.com/dmitrovia/collector-metrics/internal/service/service.go:110.16,112.3 1 0
github.com/dmitrovia/collector-metrics/internal/service/service.go:114.2,114.12 1 0
github.com/dmitrovia/collector-metrics/internal/service/service.go:118.43,125.16 4 0
github.com/dmitrovia/collector-metrics/internal/service/service.go:125.16,127.3 1 0
github.com/dmitrovia/collector-metrics/internal/service/service.go:129.2,132.16 3 0
github.com/dmitrovia/collector-metrics/internal/service/service.go:132.16,135.3 1 0
github.com/dmitrovia/collector-metrics/internal/service/service.go:137.2,138.16 2 0
github.com/dmitrovia/collector-metrics/internal/service/service.go:138.16,141.3 1 0
github.com/dmitrovia/collector-metrics/internal/service/service.go:143.2,144.16 2 0
github.com/dmitrovia/collector-metrics/internal/service/service.go:144.16,147.3 1 0
github.com/dmitrovia/collector-metrics/internal/service/service.go:149.2,150.16 2 0
github.com/dmitrovia/collector-metrics/internal/service/service.go:150.16,153.3 1 0
github.com/dmitrovia/collector-metrics/internal/service/service.go:155.2,155.12 1 0
github.com/dmitrovia/collector-metrics/internal/service/service.go:161.9,164.35 2 0
github.com/dmitrovia/collector-metrics/internal/service/service.go:164.35,171.17 6 0
github.com/dmitrovia/collector-metrics/internal/service/service.go:171.17,173.4 1 0
github.com/dmitrovia/collector-metrics/internal/service/service.go:175.3,178.17 3 0
github.com/dmitrovia/collector-metrics/internal/service/service.go:178.17,180.4 1 0
github.com/dmitrovia/collector-metrics/internal/service/service.go:183.2,183.12 1 0
github.com/dmitrovia/collector-metrics/internal/service/service.go:189.9,192.31 2 0
github.com/dmitrovia/collector-metrics/internal/service/service.go:192.31,199.17 6 0
github.com/dmitrovia/collector-metrics/internal/service/service.go:199.17,201.4 1 0
github.com/dmitrovia/collector-metrics/internal/service/service.go:203.3,206.17 3 0
github.com/dmitrovia/collector-metrics/internal/service/service.go:206.17,208.4 1 0
github.com/dmitrovia/collector-metrics/internal/service/service.go:211.2,211.12 1 0
github.com/dmitrovia/collector-metrics/internal/service/service.go:215.45,222.16 4 1
github.com/dmitrovia/collector-metrics/internal/service/service.go:222.16,224.3 1 0
github.com/dmitrovia/collector-metrics/internal/service/service.go:226.2,229.21 3 1
github.com/dmitrovia/collector-metrics/internal/service/service.go:229.21,234.17 4 8
github.com/dmitrovia/collector-metrics/internal/service/service.go:234.17,236.4 1 0
github.com/dmitrovia/collector-metrics/internal/service/service.go:238.3,238.40 1 8
github.com/dmitrovia/collector-metrics/internal/service/service.go:238.40,245.18 3 5
github.com/dmitrovia/collector-metrics/internal/service/service.go:245.18,247.5 1 0
github.com/dmitrovia/collector-metrics/internal/service/service.go:248.9,248.49 1 3
github.com/dmitrovia/collector-metrics/internal/service/service.go:248.49,255.18 3 3
github.com/dmitrovia/collector-metrics/internal/service/service.go:255.18,257.5 1 0
github.com/dmitrovia/collector-metrics/internal/service/service.go:260.3,260.39 1 8
github.com/dmitrovia/collector-metrics/internal/service/service.go:260.39,262.4 1 0
github.com/dmitrovia/collector-metrics/internal/service/service.go:265.2,265.12 1 1
github.com/dmitrovia/collector-metrics/internal/service/service.go:269.59,278.16 5 0
github.com/dmitrovia/collector-metrics/internal/service/service.go:278.16,280.3 1 0
github.com/dmitrovia/collector-metrics/internal/service/service.go:282.2,282.12 1 0
github.com/dmitrovia/collector-metrics/internal/service/service.go:289.31,298.16 5 0
github.com/dmitrovia/collector-metrics/internal/service/service.go:298.16,300.3 1 0
github.com/dmitrovia/collector-metrics/internal/service/service.go:302.2,302.17 1 0
github.com/dmitrovia/collector-metrics/internal/service/service.go:306.56,313.16 4 6
github.com/dmitrovia/collector-metrics/internal/service/service.go:313.16,315.3 1 1
github.com/dmitrovia/collector-metrics/internal/service/service.go:317.2,317.23 1 5
github.com/dmitrovia/collector-metrics/internal/service/service.go:321.54,328.16 4 5
github.com/dmitrovia/collector-metrics/internal/service/service.go:328.16,330.3 1 2
github.com/dmitrovia/collector-metrics/internal/service/service.go:332.2,332.23 1 3
github.com/dmitrovia/collector-metrics/internal/service/service.go:339.7,341.2 1 1
github.com/dmitrovia/collector-metrics/internal/storage/memoryrepository/memoryRepository.go:31.9,32.31 1 0
github.com/dmitrovia/collector-metrics/internal/storage/memoryrepository/memoryRepository.go:32.31,34.17 2 0
github.com/dmitrovia/collector-metrics/internal/storage/memoryrepository/memoryRepository.go:34.17,36.4 1 0
github.com/dmitrovia/collector-metrics/internal/storage/memoryrepository/memoryRepository.go:39.2,39.35 1 0
github.com/dmitrovia/collector-metrics/internal/storage/memoryrepository/memoryRepository.go:39.35,41.17 2 0
github.com/dmitrovia/collector-metrics/internal/storage/memoryrepository/memoryRepository.go:41.17,43.4 1 0
github.com/dmitrovia/collector-metrics/internal/storage/memoryrepository/memoryRepository.go:46.2,46.12 1 0
github.com/dmitrovia/collector-metrics/internal/storage/memoryrepository/memoryRepository.go:50.35,55.2 4 1
github.com/dmitrovia/collector-metrics/internal/storage/memoryrepository/memoryRepository.go:61.3,63.2 1 0
github.com/dmitrovia/collector-metrics/internal/storage/memoryrepository/memoryRepository.go:69.3,71.2 1 0
github.com/dmitrovia/collector-metrics/internal/storage/memoryrepository/memoryRepository.go:77.29,79.8 2 6
github.com/dmitrovia/collector-metrics/internal/storage/memoryrepository/memoryRepository.go:79.8,81.3 1 5
github.com/dmitrovia/collector-metrics/internal/storage/memoryrepository/memoryRepository.go:83.2,83.31 1 1
github.com/dmitrovia/collector-metrics/internal/storage/memoryrepository/memoryRepository.go:91.31,93.8 2 5
github.com/dmitrovia/collector-metrics/internal/storage/memoryrepository/memoryRepository.go:93.8,95.3 1 3
github.com/dmitrovia/collector-metrics/internal/storage/memoryrepository/memoryRepository.go:97.2,97.31 1 2
github.com/dmitrovia/collector-metrics/internal/storage/memoryrepository/memoryRepository.go:104.9,110.2 4 5
github.com/dmitrovia/collector-metrics/internal/storage/memoryrepository/memoryRepository.go:116.31,122.8 4 3
github.com/dmitrovia/collector-metrics/internal/storage/memoryrepository/memoryRepository.go:122.8,129.3 5 0
github.com/dmitrovia/collector-metrics/internal/storage/memoryrepository/memoryRepository.go:131.2,134.21 3 3
github.com/dmitrovia/collector-metrics/internal/storage/memoryrepository/memoryRepository.go:140.34,142.16 2 0
github.com/dmitrovia/collector-metrics/internal/storage/memoryrepository/memoryRepository.go:142.16,145.3 1 0
github.com/dmitrovia/collector-metrics/internal/storage/memoryrepository/memoryRepository.go:147.2,148.16 2 0
github.com/dmitrovia/collector-metrics/internal/storage/memoryrepository/memoryRepository.go:148.16,151.3 1 0
github.com/dmitrovia/collector-metrics/internal/storage/memoryrepository/memoryRepository.go:153.2,157.21 4 0
github.com/dmitrovia/collector-metrics/internal/storage/memoryrepository/memoryRepository.go:165.3,169.31 3 0
github.com/dmitrovia/collector-metrics/internal/storage/memoryrepository/memoryRepository.go:169.31,176.3 5 0
github.com/dmitrovia/collector-metrics/internal/storage/memoryrepository/memoryRepository.go:178.2,178.23 1 0
github.com/dmitrovia/collector-metrics/internal/storage/memoryrepository/memoryRepository.go:187.3,191.35 3 0
github.com/dmitrovia/collector-metrics/internal/storage/memoryrepository/memoryRepository.go:191.35,198.3 5 0
github.com/dmitrovia/collector-metrics/internal/storage/memoryrepository/memoryRepository.go:200.2,200.25 1 0
github.com/dmitrovia/collector-metrics/internal/functions/validate/validate.go:16.17,18.16 2 42
github.com/dmitrovia/collector-metrics/internal/functions/validate/validate.go:18.16,20.3 1 0
github.com/dmitrovia/collector-metrics/internal/functions/validate/validate.go:22.2,22.17 1 42
github.com/dmitrovia/collector-metrics/internal/functions/validate/validate.go:25.58,27.16 2 42
github.com/dmitrovia/collector-metrics/internal/functions/validate/validate.go:27.16,29.3 1 42
github.com/dmitrovia/collector-metrics/internal/functions/validate/validate.go:31.2,31.50 1 0
github.com/dmitrovia/collector-metrics/internal/functions/validate/validate.go:36.39,38.2 1 0
github.com/dmitrovia/collector-metrics/internal/functions/validate/validate.go:42.38,44.2 1 0
github.com/dmitrovia/collector-metrics/internal/handlers/getmetricjsonhandler/getmetricjsonhandler.go:29.25,31.2 1 2
github.com/dmitrovia/collector-metrics/internal/handlers/getmetricjsonhandler/getmetricjsonhandler.go:36.3,40.16 3 23
github.com/dmitrovia/collector-metrics/internal/handlers/getmetricjsonhandler/getmetricjsonhandler.go:40.16,44.3 2 0
github.com/dmitrovia/collector-metrics/internal/handlers/getmetricjsonhandler/getmetricjsonhandler.go:46.2,47.14 2 23
github.com/dmitrovia/collector-metrics/internal/handlers/getmetricjsonhandler/getmetricjsonhandler.go:47.14,51.3 2 4
github.com/dmitrovia/collector-metrics/internal/handlers/getmetricjsonhandler/getmetricjsonhandler.go:53.2,54.16 2 19
github.com/dmitrovia/collector-metrics/internal/handlers/getmetricjsonhandler/getmetricjsonhandler.go:54.16,60.3 3 2
github.com/dmitrovia/collector-metrics/internal/handlers/getmetricjsonhandler/getmetricjsonhandler.go:62.2,62.28 1 17
github.com/dmitrovia/collector-metrics/internal/handlers/getmetricjsonhandler/getmetricjsonhandler.go:68.31,72.16 3 23
github.com/dmitrovia/collector-metrics/internal/handlers/getmetricjsonhandler/getmetricjsonhandler.go:72.16,76.3 2 0
github.com/dmitrovia/collector-metrics/internal/handlers/getmetricjsonhandler/getmetricjsonhandler.go:78.2,80.21 2 23
github.com/dmitrovia/collector-metrics/internal/handlers/getmetricjsonhandler/getmetricjsonhandler.go:80.21,83.3 1 0
github.com/dmitrovia/collector-metrics/internal/handlers/getmetricjsonhandler/getmetricjsonhandler.go:85.2,86.16 2 23
github.com/dmitrovia/collector-metrics/internal/handlers/getmetricjsonhandler/getmetricjsonhandler.go:86.16,88.3 1 0
github.com/dmitrovia/collector-metrics/internal/handlers/getmetricjsonhandler/getmetricjsonhandler.go:90.2,90.21 1 23
github.com/dmitrovia/collector-metrics/internal/handlers/getmetricjsonhandler/getmetricjsonhandler.go:95.15,100.10 4 23
github.com/dmitrovia/collector-metrics/internal/handlers/getmetricjsonhandler/getmetricjsonhandler.go:100.10,102.3 1 4
github.com/dmitrovia/collector-metrics/internal/handlers/getmetricjsonhandler/getmetricjsonhandler.go:104.2,107.10 3 19
github.com/dmitrovia/collector-metrics/internal/handlers/getmetricjsonhandler/getmetricjsonhandler.go:107.10,109.3 1 0
github.com/dmitrovia/collector-metrics/internal/handlers/getmetricjsonhandler/getmetricjsonhandler.go:111.2,111.28 1 19
github.com/dmitrovia/collector-metrics/internal/handlers/getmetricjsonhandler/getmetricjsonhandler.go:122.16,123.43 1 19
github.com/dmitrovia/collector-metrics/internal/handlers/getmetricjsonhandler/getmetricjsonhandler.go:123.43,125.17 2 8
github.com/dmitrovia/collector-metrics/internal/handlers/getmetricjsonhandler/getmetricjsonhandler.go:125.17,127.4 1 1
github.com/dmitrovia/collector-metrics/internal/handlers/getmetricjsonhandler/getmetricjsonhandler.go:129.3,129.21 1 7
github.com/dmitrovia/collector-metrics/internal/handlers/getmetricjsonhandler/getmetricjsonhandler.go:132.2,132.41 1 18
github.com/dmitrovia/collector-metrics/internal/handlers/getmetricjsonhandler/getmetricjsonhandler.go:132.41,134.17 2 11
github.com/dmitrovia/collector-metrics/internal/handlers/getmetricjsonhandler/getmetricjsonhandler.go:134.17,136.4 1 1
github.com/dmitrovia/collector-metrics/internal/handlers/getmetricjsonhandler/getmetricjsonhandler.go:138.3,138.21 1 10
github.com/dmitrovia/collector-metrics/internal/handlers/getmetricjsonhandler/getmetricjsonhandler.go:141.2,142.16 2 17
github.com/dmitrovia/collector-metrics/internal/handlers/getmetricjsonhandler/getmetricjsonhandler.go:142.16,144.3 1 0
github.com/dmitrovia/collector-metrics/internal/handlers/getmetricjsonhandler/getmetricjsonhandler.go:146.2,147.16 2 17
github.com/dmitrovia/collector-metrics/internal/handlers/getmetricjsonhandler/getmetricjsonhandler.go:147.16,150.3 1 0
github.com/dmitrovia/collector-metrics/internal/handlers/getmetricjsonhandler/getmetricjsonhandler.go:152.2,152.27 1 17
github.com/dmitrovia/collector-metrics/internal/handlers/getmetricjsonhandler/getmetricjsonhandler.go:159.21,161.16 2 11
github.com/dmitrovia/collector-metrics/internal/handlers/getmetricjsonhandler/getmetricjsonhandler.go:161.16,164.3 1 1
github.com/dmitrovia/collector-metrics/internal/handlers/getmetricjsonhandler/getmetricjsonhandler.go:166.2,166.26 1 10
github.com/dmitrovia/collector-metrics/internal/handlers/getmetricjsonhandler/getmetricjsonhandler.go:173.19,175.16 2 8
github.com/dmitrovia/collector-metrics/internal/handlers/getmetricjsonhandler/getmetricjsonhandler.go:175.16,179.3 1 1
github.com/dmitrovia/collector-metrics/internal/handlers/getmetricjsonhandler/getmetricjsonhandler.go:181.2,181.26 1 7
github.com/dmitrovia/collector-metrics/internal/logger/logger.go:12.52,14.16 2 2
github.com/dmitrovia/collector-metrics/internal/logger/logger.go:14.16,17.3 1 0
github.com/dmitrovia/collector-metrics/internal/logger/logger.go:19.2,24.16 4 2
github.com/dmitrovia/collector-metrics/internal/logger/logger.go:24.16,26.3 1 0
github.com/dmitrovia/collector-metrics/internal/logger/logger.go:28.2,28.16 1 2
github.com/dmitrovia/collector-metrics/internal/middleware/gzipcompressmiddleware/gzipcompressmiddleware.go:24.19,29.2 1 0
github.com/dmitrovia/collector-metrics/internal/middleware/gzipcompressmiddleware/gzipcompressmiddleware.go:31.47,33.2 1 0
github.com/dmitrovia/collector-metrics/internal/middleware/gzipcompressmiddleware/gzipcompressmiddleware.go:35.55,37.16 2 0
github.com/dmitrovia/collector-metrics/internal/middleware/gzipcompressmiddleware/gzipcompressmiddleware.go:37.16,39.3 1 0
github.com/dmitrovia/collector-metrics/internal/middleware/gzipcompressmiddleware/gzipcompressmiddleware.go:41.2,41.16 1 0
github.com/dmitrovia/collector-metrics/internal/middleware/gzipcompressmiddleware/gzipcompressmiddleware.go:44.54,45.26 1 0
github.com/dmitrovia/collector-metrics/internal/middleware/gzipcompressmiddleware/gzipcompressmiddleware.go:45.26,47.3 1 0
github.com/dmitrovia/collector-metrics/internal/middleware/gzipcompressmiddleware/gzipcompressmiddleware.go:49.2,49.29 1 0
github.com/dmitrovia/collector-metrics/internal/middleware/gzipcompressmiddleware/gzipcompressmiddleware.go:52.40,54.16 2 0
github.com/dmitrovia/collector-metrics/internal/middleware/gzipcompressmiddleware/gzipcompressmiddleware.go:54.16,56.3 1 0
github.com/dmitrovia/collector-metrics/internal/middleware/gzipcompressmiddleware/gzipcompressmiddleware.go:58.2,58.12 1 0
github.com/dmitrovia/collector-metrics/internal/middleware/gzipcompressmiddleware/gzipcompressmiddleware.go:68.28,70.16 2 0
github.com/dmitrovia/collector-metrics/internal/middleware/gzipcompressmiddleware/gzipcompressmiddleware.go:70.16,72.3 1 0
github.com/dmitrovia/collector-metrics/internal/middleware/gzipcompressmiddleware/gzipcompressmiddleware.go:74.2,77.8 1 0
github.com/dmitrovia/collector-metrics/internal/middleware/gzipcompressmiddleware/gzipcompressmiddleware.go:80.53,84.2 2 0
github.com/dmitrovia/collector-metrics/internal/middleware/gzipcompressmiddleware/gzipcompressmiddleware.go:86.40,87.36 1 0
github.com/dmitrovia/collector-metrics/internal/middleware/gzipcompressmiddleware/gzipcompressmiddleware.go:87.36,89.3 1 0
github.com/dmitrovia/collector-metrics/internal/middleware/gzipcompressmiddleware/gzipcompressmiddleware.go:91.2,92.17 2 0
github.com/dmitrovia/collector-metrics/internal/middleware/gzipcompressmiddleware/gzipcompressmiddleware.go:92.17,94.3 1 0
github.com/dmitrovia/collector-metrics/internal/middleware/gzipcompressmiddleware/gzipcompressmiddleware.go:96.2,96.12 1 0
github.com/dmitrovia/collector-metrics/internal/middleware/gzipcompressmiddleware/gzipcompressmiddleware.go:100.55,101.50 1 2
github.com/dmitrovia/collector-metrics/internal/middleware/gzipcompressmiddleware/gzipcompressmiddleware.go:101.50,104.5 1 23
github.com/dmitrovia/collector-metrics/internal/middleware/gzipcompressmiddleware/gzipcompressmiddleware.go:104.5,121.20 8 23
github.com/dmitrovia/collector-metrics/internal/middleware/gzipcompressmiddleware/gzipcompressmiddleware.go:121.20,125.5 3 0
github.com/dmitrovia/collector-metrics/internal/middleware/gzipcompressmiddleware/gzipcompressmiddleware.go:127.4,130.17 3 23
github.com/dmitrovia/collector-metrics/internal/middleware/gzipcompressmiddleware/gzipcompressmiddleware.go:130.17,132.19 2 0
github.com/dmitrovia/collector-metrics/internal/middleware/gzipcompressmiddleware/gzipcompressmiddleware.go:132.19,138.6 3 0
github.com/dmitrovia/collector-metrics/internal/middleware/gzipcompressmiddleware/gzipcompressmiddleware.go:140.5,142.33 2 0
github.com/dmitrovia/collector-metrics/internal/middleware/gzipcompressmiddleware/gzipcompressmiddleware.go:146.4,146.34 1 23
github.com/dmitrovia/collector-metrics/internal/middleware/gzipcompressmiddleware/gzipcompressmiddleware.go:149.3,149.34 1 23
github.com/dmitrovia/collector-metrics/internal/middleware/gzipcompressmiddleware/gzipcompressmiddleware.go:152.2,152.16 1 2
github.com/dmitrovia/collector-metrics/internal/middleware/loggermiddleware/loggermiddleware.go:31.16,33.16 2 17
github.com/dmitrovia/collector-metrics/internal/middleware/loggermiddleware/loggermiddleware.go:33.16,36.3 1 0
github.com/dmitrovia/collector-metrics/internal/middleware/loggermiddleware/loggermiddleware.go:38.2,40.18 2 17
github.com/dmitrovia/collector-metrics/internal/middleware/loggermiddleware/loggermiddleware.go:45.3,48.2 2 23
github.com/dmitrovia/collector-metrics/internal/middleware/loggermiddleware/loggermiddleware.go:53.35,54.50 1 2
github.com/dmitrovia/collector-metrics/internal/middleware/loggermiddleware/loggermiddleware.go:54.50,57.5 1 23
github.com/dmitrovia/collector-metrics/internal/middleware/loggermiddleware/loggermiddleware.go:57.5,81.4 6 23
github.com/dmitrovia/collector-metrics/internal/middleware/loggermiddleware/loggermiddleware.go:83.3,83.33 1 23
github.com/dmitrovia/collector-metrics/internal/middleware/loggermiddleware/loggermiddleware.go:86.2,86.16 1 2
github.com/dmitrovia/collector-metrics/internal/migrator/migrator.go:27.22,29.16 2 1
github.com/dmitrovia/collector-metrics/internal/migrator/migrator.go:29.16,32.3 1 0
github.com/dmitrovia/collector-metrics/internal/migrator/migrator.go:34.2,36.8 1 1
github.com/dmitrovia/collector-metrics/internal/migrator/migrator.go:40.54,44.16 2 1
github.com/dmitrovia/collector-metrics/internal/migrator/migrator.go:44.16,46.3 1 0
github.com/dmitrovia/collector-metrics/internal/migrator/migrator.go:48.2,53.16 2 1
github.com/dmitrovia/collector-metrics/internal/migrator/migrator.go:53.16,55.3 1 0
github.com/dmitrovia/collector-metrics/internal/migrator/migrator.go:57.2,60.56 3 1
github.com/dmitrovia/collector-metrics/internal/migrator/migrator.go:60.56,62.3 1 0
github.com/dmitrovia/collector-metrics/internal/migrator/migrator.go:64.2,64.12 1 1
github.com/dmitrovia/collector-metrics/internal/models/bizmodels/bizmodels.go:70.26,105.2 32 0
github.com/dmitrovia/collector-metrics/internal/service/service.go:47.3,54.16 4 0
github.com/dmitrovia/collector-metrics/internal/service/service.go:54.16,58.3 1 0
github.com/dmitrovia/collector-metrics/internal/service/service.go:60.2,60.21 1 0
github.com/dmitrovia/collector-metrics/internal/service/service.go:66.3,73.16 4 0
github.com/dmitrovia/collector-metrics/internal/service/service.go:73.16,76.3 1 0
github.com/dmitrovia/collector-metrics/internal/service/service.go:78.2,78.20 1 0
github.com/dmitrovia/collector-metrics/internal/service/service.go:84.3,91.16 4 0
github.com/dmitrovia/collector-metrics/internal/service/service.go:91.16,94.3 1 0
github.com/dmitrovia/collector-metrics/internal/service/service.go:96.2,96.22 1 0
github.com/dmitrovia/collector-metrics/internal/service/service.go:103.9,110.16 4 0
github.com/dmitrovia/collector-metrics/internal/service/service.go:110.16,112.3 1 0
github.com/dmitrovia/collector-metrics/internal/service/service.go:114.2,114.12 1 0
github.com/dmitrovia/collector-metrics/internal/service/service.go:118.43,125.16 4 2
github.com/dmitrovia/collector-metrics/internal/service/service.go:125.16,127.3 1 0
github.com/dmitrovia/collector-metrics/internal/service/service.go:129.2,132.16 3 2
github.com/dmitrovia/collector-metrics/internal/service/service.go:132.16,135.3 1 0
github.com/dmitrovia/collector-metrics/internal/service/service.go:137.2,138.16 2 2
github.com/dmitrovia/collector-metrics/internal/service/service.go:138.16,141.3 1 0
github.com/dmitrovia/collector-metrics/internal/service/service.go:143.2,144.16 2 2
github.com/dmitrovia/collector-metrics/internal/service/service.go:144.16,147.3 1 0
github.com/dmitrovia/collector-metrics/internal/service/service.go:149.2,150.16 2 2
github.com/dmitrovia/collector-metrics/internal/service/service.go:150.16,153.3 1 0
github.com/dmitrovia/collector-metrics/internal/service/service.go:155.2,155.12 1 2
github.com/dmitrovia/collector-metrics/internal/service/service.go:161.9,164.35 2 2
github.com/dmitrovia/collector-metrics/internal/service/service.go:164.35,171.17 6 23
github.com/dmitrovia/collector-metrics/internal/service/service.go:171.17,173.4 1 0
github.com/dmitrovia/collector-metrics/internal/service/service.go:175.3,178.17 3 23
github.com/dmitrovia/collector-metrics/internal/service/service.go:178.17,180.4 1 0
github.com/dmitrovia/collector-metrics/internal/service/service.go:183.2,183.12 1 2
github.com/dmitrovia/collector-metrics/internal/service/service.go:189.9,192.31 2 2
github.com/dmitrovia/collector-metrics/internal/service/service.go:192.31,199.17 6 25
github.com/dmitrovia/collector-metrics/internal/service/service.go:199.17,201.4 1 0
github.com/dmitrovia/collector-metrics/internal/service/service.go:203.3,206.17 3 25
github.com/dmitrovia/collector-metrics/internal/service/service.go:206.17,208.4 1 0
github.com/dmitrovia/collector-metrics/internal/service/service.go:211.2,211.12 1 2
github.com/dmitrovia/collector-metrics/internal/service/service.go:215.45,222.16 4 2
github.com/dmitrovia/collector-metrics/internal/service/service.go:222.16,224.3 1 0
github.com/dmitrovia/collector-metrics/internal/service/service.go:226.2,229.21 3 2
github.com/dmitrovia/collector-metrics/internal/service/service.go:229.21,234.17 4 18
github.com/dmitrovia/collector-metrics/internal/service/service.go:234.17,236.4 1 0
github.com/dmitrovia/collector-metrics/internal/service/service.go:238.3,238.40 1 18
github.com/dmitrovia/collector-metrics/internal/service/service.go:238.40,245.18 3 10
github.com/dmitrovia/collector-metrics/internal/service/service.go:245.18,247.5 1 0
github.com/dmitrovia/collector-metrics/internal/service/service.go:248.9,248.49 1 8
github.com/dmitrovia/collector-metrics/internal/service/service.go:248.49,255.18 3 8
github.com/dmitrovia/collector-metrics/internal/service/service.go:255.18,257.5 1 0
github.com/dmitrovia/collector-metrics/internal/service/service.go:260.3,260.39 1 18
github.com/dmitrovia/collector-metrics/internal/service/service.go:260.39,262.4 1 0
github.com/dmitrovia/collector-metrics/internal/service/service.go:265.2,265.12 1 2
github.com/dmitrovia/collector-metrics/internal/service/service.go:269.59,278.16 5 0
github.com/dmitrovia/collector-metrics/internal/service/service.go:278.16,280.3 1 0
github.com/dmitrovia/collector-metrics/internal/service/service.go:282.2,282.12 1 0
github.com/dmitrovia/collector-metrics/internal/service/service.go:289.31,298.16 5 0
github.com/dmitrovia/collector-metrics/internal/service/service.go:298.16,300.3 1 0
github.com/dmitrovia/collector-metrics/internal/service/service.go:302.2,302.17 1 0
github.com/dmitrovia/collector-metrics/internal/service/service.go:306.56,313.16 4 11
github.com/dmitrovia/collector-metrics/internal/service/service.go:313.16,315.3 1 1
github.com/dmitrovia/collector-metrics/internal/service/service.go:317.2,317.23 1 10
github.com/dmitrovia/collector-metrics/internal/service/service.go:321.54,328.16 4 8
github.com/dmitrovia/collector-metrics/internal/service/service.go:328.16,330.3 1 1
github.com/dmitrovia/collector-metrics/internal/service/service.go:332.2,332.23 1 7
github.com/dmitrovia/collector-metrics/internal/service/service.go:339.7,341.2 1 2
github.com/dmitrovia/collector-metrics/internal/storage/dbrepository/DBRepository.go:27.3,32.2 4 1
github.com/dmitrovia/collector-metrics/internal/storage/dbrepository/DBRepository.go:35.31,36.2 0 0
github.com/dmitrovia/collector-metrics/internal/storage/dbrepository/DBRepository.go:43.9,44.31 1 0
github.com/dmitrovia/collector-metrics/internal/storage/dbrepository/DBRepository.go:44.31,46.17 2 0
github.com/dmitrovia/collector-metrics/internal/storage/dbrepository/DBRepository.go:46.17,48.4 1 0
github.com/dmitrovia/collector-metrics/internal/storage/dbrepository/DBRepository.go:51.2,51.35 1 0
github.com/dmitrovia/collector-metrics/internal/storage/dbrepository/DBRepository.go:51.35,53.17 2 0
github.com/dmitrovia/collector-metrics/internal/storage/dbrepository/DBRepository.go:53.17,55.4 1 0
github.com/dmitrovia/collector-metrics/internal/storage/dbrepository/DBRepository.go:58.2,58.12 1 0
github.com/dmitrovia/collector-metrics/internal/storage/dbrepository/DBRepository.go:64.34,66.16 2 0
github.com/dmitrovia/collector-metrics/internal/storage/dbrepository/DBRepository.go:66.16,69.3 1 0
github.com/dmitrovia/collector-metrics/internal/storage/dbrepository/DBRepository.go:71.2,72.16 2 0
github.com/dmitrovia/collector-metrics/internal/storage/dbrepository/DBRepository.go:72.16,75.3 1 0
github.com/dmitrovia/collector-metrics/internal/storage/dbrepository/DBRepository.go:77.2,81.21 4 0
github.com/dmitrovia/collector-metrics/internal/storage/dbrepository/DBRepository.go:89.3,100.16 4 0
github.com/dmitrovia/collector-metrics/internal/storage/dbrepository/DBRepository.go:100.16,103.3 1 0
github.com/dmitrovia/collector-metrics/internal/storage/dbrepository/DBRepository.go:105.2,107.18 2 0
github.com/dmitrovia/collector-metrics/internal/storage/dbrepository/DBRepository.go:107.18,109.17 2 0
github.com/dmitrovia/collector-metrics/internal/storage/dbrepository/DBRepository.go:109.17,111.4 1 0
github.com/dmitrovia/collector-metrics/internal/storage/dbrepository/DBRepository.go:111.9,118.4 5 0
github.com/dmitrovia/collector-metrics/internal/storage/dbrepository/DBRepository.go:121.2,121.20 1 0
github.com/dmitrovia/collector-metrics/internal/storage/dbrepository/DBRepository.go:130.3,141.16 4 0
github.com/dmitrovia/collector-metrics/internal/storage/dbrepository/DBRepository.go:141.16,145.3 1 0
github.com/dmitrovia/collector-metrics/internal/storage/dbrepository/DBRepository.go:147.2,149.18 2 0
github.com/dmitrovia/collector-metrics/internal/storage/dbrepository/DBRepository.go:149.18,151.17 2 0
github.com/dmitrovia/collector-metrics/internal/storage/dbrepository/DBRepository.go:151.17,153.4 1 0
github.com/dmitrovia/collector-metrics/internal/storage/dbrepository/DBRepository.go:153.9,160.4 5 0
github.com/dmitrovia/collector-metrics/internal/storage/dbrepository/DBRepository.go:163.2,163.22 1 0
github.com/dmitrovia/collector-metrics/internal/storage/dbrepository/DBRepository.go:170.3,182.16 4 1
github.com/dmitrovia/collector-metrics/internal/storage/dbrepository/DBRepository.go:182.16,185.3 1 0
github.com/dmitrovia/collector-metrics/internal/storage/dbrepository/DBRepository.go:187.2,189.18 2 1
github.com/dmitrovia/collector-metrics/internal/storage/dbrepository/DBRepository.go:189.18,191.17 2 24
github.com/dmitrovia/collector-metrics/internal/storage/dbrepository/DBRepository.go:191.17,193.4 1 0
github.com/dmitrovia/collector-metrics/internal/storage/dbrepository/DBRepository.go:193.9,199.4 4 24
github.com/dmitrovia/collector-metrics/internal/storage/dbrepository/DBRepository.go:202.2,202.20 1 1
github.com/dmitrovia/collector-metrics/internal/storage/dbrepository/DBRepository.go:209.3,221.16 4 1
github.com/dmitrovia/collector-metrics/internal/storage/dbrepository/DBRepository.go:221.16,224.3 1 0
github.com/dmitrovia/collector-metrics/internal/storage/dbrepository/DBRepository.go:226.2,228.18 2 1
github.com/dmitrovia/collector-metrics/internal/storage/dbrepository/DBRepository.go:228.18,230.17 2 22
github.com/dmitrovia/collector-metrics/internal/storage/dbrepository/DBRepository.go:230.17,232.4 1 0
github.com/dmitrovia/collector-metrics/internal/storage/dbrepository/DBRepository.go:232.9,238.4 4 22
github.com/dmitrovia/collector-metrics/internal/storage/dbrepository/DBRepository.go:241.2,241.22 1 1
github.com/dmitrovia/collector-metrics/internal/storage/dbrepository/DBRepository.go:248.29,261.16 6 10
github.com/dmitrovia/collector-metrics/internal/storage/dbrepository/DBRepository.go:261.16,264.3 1 1
github.com/dmitrovia/collector-metrics/internal/storage/dbrepository/DBRepository.go:266.2,269.18 3 9
github.com/dmitrovia/collector-metrics/internal/storage/dbrepository/DBRepository.go:277.31,290.16 6 15
github.com/dmitrovia/collector-metrics/internal/storage/dbrepository/DBRepository.go:290.16,294.3 1 1
github.com/dmitrovia/collector-metrics/internal/storage/dbrepository/DBRepository.go:296.2,299.18 3 14
github.com/dmitrovia/collector-metrics/internal/storage/dbrepository/DBRepository.go:306.9,314.16 3 9
github.com/dmitrovia/collector-metrics/internal/storage/dbrepository/DBRepository.go:314.16,316.3 1 0
github.com/dmitrovia/collector-metrics/internal/storage/dbrepository/DBRepository.go:318.2,318.30 1 9
github.com/dmitrovia/collector-metrics/internal/storage/dbrepository/DBRepository.go:318.30,324.17 2 0
github.com/dmitrovia/collector-metrics/internal/storage/dbrepository/DBRepository.go:324.17,326.4 1 0
github.com/dmitrovia/collector-metrics/internal/storage/dbrepository/DBRepository.go:328.2,330.12 2 9
github.com/dmitrovia/collector-metrics/internal/storage/dbrepository/DBRepository.go:337.31,344.16 3 7
github.com/dmitrovia/collector-metrics/internal/storage/dbrepository/DBRepository.go:344.16,348.3 1 0
github.com/dmitrovia/collector-metrics/internal/storage/dbrepository/DBRepository.go:350.2,350.30 1 7
github.com/dmitrovia/collector-metrics/internal/storage/dbrepository/DBRepository.go:350.30,356.17 2 0
github.com/dmitrovia/collector-metrics/internal/storage/dbrepository/DBRepository.go:356.17,360.4 1 0
github.com/dmitrovia/collector-metrics/internal/storage/dbrepository/DBRepository.go:362.3,362.22 1 0
github.com/dmitrovia/collector-metrics/internal/storage/dbrepository/DBRepository.go:365.2,366.16 2 7
github.com/dmitrovia/collector-metrics/internal/storage/dbrepository/DBRepository.go:366.16,370.3 1 0
github.com/dmitrovia/collector-metrics/internal/storage/dbrepository/DBRepository.go:372.2,374.18 2 7
github.com/dmitrovia/collector-metrics/internal/storage/memoryrepository/memoryRepository.go:31.9,32.31 1 0
github.com/dmitrovia/collector-metrics/internal/storage/memoryrepository/memoryRepository.go:32.31,34.17 2 0
github.com/dmitrovia/collector-metrics/internal/storage/memoryrepository/memoryRepository.go:34.17,36.4 1 0
github.com/dmitrovia/collector-metrics/internal/storage/memoryrepository/memoryRepository.go:39.2,39.35 1 0
github.com/dmitrovia/collector-metrics/internal/storage/memoryrepository/memoryRepository.go:39.35,41.17 2 0
github.com/dmitrovia/collector-metrics/internal/storage/memoryrepository/memoryRepository.go:41.17,43.4 1 0
github.com/dmitrovia/collector-metrics/internal/storage/memoryrepository/memoryRepository.go:46.2,46.12 1 0
github.com/dmitrovia/collector-metrics/internal/storage/memoryrepository/memoryRepository.go:50.35,55.2 4 1
github.com/dmitrovia/collector-metrics/internal/storage/memoryrepository/memoryRepository.go:61.3,63.2 1 1
github.com/dmitrovia/collector-metrics/internal/storage/memoryrepository/memoryRepository.go:69.3,71.2 1 1
github.com/dmitrovia/collector-metrics/internal/storage/memoryrepository/memoryRepository.go:77.29,79.8 2 1
github.com/dmitrovia/collector-metrics/internal/storage/memoryrepository/memoryRepository.go:79.8,81.3 1 1
[...]
github.com/dmitrovia/collector-metrics/internal/middleware/gzipcompressmiddleware/gzipcompressmiddleware.go:49.2,49.29 1 7
github.com/dmitrovia/collector-metrics/internal/middleware/gzipcompressmiddleware/gzipcompressmiddleware.go:52.40,54.16 2 5
github.com/dmitrovia/collector-metrics/internal/middleware/gzipcompressmiddleware/gzipcompressmiddleware.go:54.16,56.3 1 0
github.com/dmitrovia/collector-metrics/internal/middleware/gzipcompressmiddleware/gzipcompressmiddleware.go:58.2,58.12 1 5
github.com/dmitrovia/collector-metrics/internal/middleware/gzipcompressmiddleware/gzipcompressmiddleware.go:68.28,70.16 2 5
github.com/dmitrovia/collector-metrics/internal/middleware/gzipcompressmiddleware/gzipcompressmiddleware.go:70.16,72.3 1 0
github.com/dmitrovia/collector-metrics/internal/middleware/gzipcompressmiddleware/gzipcompressmiddleware.go:74.2,77.8 1 5
github.com/dmitrovia/collector-metrics/internal/middleware/gzipcompressmiddleware/gzipcompressmiddleware.go:80.53,84.2 2 7
github.com/dmitrovia/collector-metrics/internal/middleware/gzipcompressmiddleware/gzipcompressmiddleware.go:86.40,87.36 1 10
github.com/dmitrovia/collector-metrics/internal/middleware/gzipcompressmiddleware/gzipcompressmiddleware.go:87.36,89.3 1 0
github.com/dmitrovia/collector-metrics/internal/middleware/gzipcompressmiddleware/gzipcompressmiddleware.go:91.2,92.17 2 10
github.com/dmitrovia/collector-metrics/internal/middleware/gzipcompressmiddleware/gzipcompressmiddleware.go:92.17,94.3 1 0
github.com/dmitrovia/collector-metrics/internal/middleware/gzipcompressmiddleware/gzipcompressmiddleware.go:96.2,96.12 1 10
github.com/dmitrovia/collector-metrics/internal/middleware/gzipcompressmiddleware/gzipcompressmiddleware.go:100.55,101.50 1 2
github.com/dmitrovia/collector-metrics/internal/middleware/gzipcompressmiddleware/gzipcompressmiddleware.go:101.50,104.5 1 5
github.com/dmitrovia/collector-metrics/internal/middleware/gzipcompressmiddleware/gzipcompressmiddleware.go:104.5,121.20 8 5
github.com/dmitrovia/collector-metrics/internal/middleware/gzipcompressmiddleware/gzipcompressmiddleware.go:121.20,125.5 3 5
github.com/dmitrovia/collector-metrics/internal/middleware/gzipcompressmiddleware/gzipcompressmiddleware.go:127.4,130.17 3 5
github.com/dmitrovia/collector-metrics/internal/middleware/gzipcompressmiddleware/gzipcompressmiddleware.go:130.17,132.19 2 5
github.com/dmitrovia/collector-metrics/internal/middleware/gzipcompressmiddleware/gzipcompressmiddleware.go:132.19,138.6 3 0
github.com/dmitrovia/collector-metrics/internal/middleware/gzipcompressmiddleware/gzipcompressmiddleware.go:140.5,142.33 2 5
github.com/dmitrovia/collector-metrics/internal/middleware/gzipcompressmiddleware/gzipcompressmiddleware.go:146.4,146.34 1 5
github.com/dmitrovia/collector-metrics/internal/middleware/gzipcompressmiddleware/gzipcompressmiddleware.go:149.3,149.34 1 5
github.com/dmitrovia/collector-metrics/internal/middleware/gzipcompressmiddleware/gzipcompressmiddleware.go:152.2,152.16 1 2
github.com/dmitrovia/collector-metrics/internal/middleware/loggermiddleware/loggermiddleware.go:31.16,33.16 2 3
github.com/dmitrovia/collector-metrics/internal/middleware/loggermiddleware/loggermiddleware.go:33.16,36.3 1 0
github.com/dmitrovia/collector-metrics/internal/middleware/loggermiddleware/loggermiddleware.go:38.2,40.18 2 3
github.com/dmitrovia/collector-metrics/internal/middleware/loggermiddleware/loggermiddleware.go:45.3,48.2 2 7
github.com/dmitrovia/collector-metrics/internal/middleware/loggermiddleware/loggermiddleware.go:53.35,54.50 1 2
github.com/dmitrovia/collector-metrics/internal/middleware/loggermiddleware/loggermiddleware.go:54.50,57.5 1 5
github.com/dmitrovia/collector-metrics/internal/middleware/loggermiddleware/loggermiddleware.go:57.5,81.4 6 5
github.com/dmitrovia/collector-metrics/internal/middleware/loggermiddleware/loggermiddleware.go:83.3,83.33 1 5
github.com/dmitrovia/collector-metrics/internal/middleware/loggermiddleware/loggermiddleware.go:86.2,86.16 1 2
github.com/dmitrovia/collector-metrics/internal/migrator/migrator.go:27.22,29.16 2 2
github.com/dmitrovia/collector-metrics/internal/migrator/migrator.go:29.16,32.3 1 0
github.com/dmitrovia/collector-metrics/internal/migrator/migrator.go:34.2,36.8 1 2
github.com/dmitrovia/collector-metrics/internal/migrator/migrator.go:40.54,44.16 2 2
github.com/dmitrovia/collector-metrics/internal/migrator/migrator.go:44.16,46.3 1 0
github.com/dmitrovia/collector-metrics/internal/migrator/migrator.go:48.2,53.16 2 2
github.com/dmitrovia/collector-metrics/internal/migrator/migrator.go:53.16,55.3 1 0
github.com/dmitrovia/collector-metrics/internal/migrator/migrator.go:57.2,60.56 3 2
github.com/dmitrovia/collector-metrics/internal/migrator/migrator.go:60.56,62.3 1 0
github.com/dmitrovia/collector-metrics/internal/migrator/migrator.go:64.2,64.12 1 2
github.com/dmitrovia/collector-metrics/internal/models/bizmodels/bizmodels.go:70.26,105.2 32 0
github.com/dmitrovia/collector-metrics/internal/service/service.go:47.3,54.16 4 3
github.com/dmitrovia/collector-metrics/internal/service/service.go:54.16,58.3 1 0
github.com/dmitrovia/collector-metrics/internal/service/service.go:60.2,60.21 1 3
github.com/dmitrovia/collector-metrics/internal/service/service.go:66.3,73.16 4 0
github.com/dmitrovia/collector-metrics/internal/service/service.go:73.16,76.3 1 0
github.com/dmitrovia/collector-metrics/internal/service/service.go:78.2,78.20 1 0
github.com/dmitrovia/collector-metrics/internal/service/service.go:84.3,91.16 4 0
github.com/dmitrovia/collector-metrics/internal/service/service.go:91.16,94.3 1 0
github.com/dmitrovia/collector-metrics/internal/service/service.go:96.2,96.22 1 0
github.com/dmitrovia/collector-metrics/internal/service/service.go:103.9,110.16 4 0
github.com/dmitrovia/collector-metrics/internal/service/service.go:110.16,112.3 1 0
github.com/dmitrovia/collector-metrics/internal/service/service.go:114.2,114.12 1 0
github.com/dmitrovia/collector-metrics/internal/service/service.go:118.43,125.16 4 0
github.com/dmitrovia/collector-metrics/internal/service/service.go:125.16,127.3 1 0
github.com/dmitrovia/collector-metrics/internal/service/service.go:129.2,132.16 3 0
github.com/dmitrovia/collector-metrics/internal/service/service.go:132.16,135.3 1 0
github.com/dmitrovia/collector-metrics/internal/service/service.go:137.2,138.16 2 0
github.com/dmitrovia/collector-metrics/internal/service/service.go:138.16,141.3 1 0
github.com/dmitrovia/collector-metrics/internal/service/service.go:143.2,144.16 2 0
github.com/dmitrovia/collector-metrics/internal/service/service.go:144.16,147.3 1 0
github.com/dmitrovia/collector-metrics/internal/service/service.go:149.2,150.16 2 0
github.com/dmitrovia/collector-metrics/internal/service/service.go:150.16,153.3 1 0
github.com/dmitrovia/collector-metrics/internal/service/service.go:155.2,155.12 1 0
github.com/dmitrovia/collector-metrics/internal/service/service.go:161.9,164.35 2 0
github.com/dmitrovia/collector-metrics/internal/service/service.go:164.35,171.17 6 0
github.com/dmitrovia/collector-metrics/internal/service/service.go:171.17,173.4 1 0
github.com/dmitrovia/collector-metrics/internal/service/service.go:175.3,178.17 3 0
github.com/dmitrovia/collector-metrics/internal/service/service.go:178.17,180.4 1 0
github.com/dmitrovia/collector-metrics/internal/service/service.go:183.2,183.12 1 0
github.com/dmitrovia/collector-metrics/internal/service/service.go:189.9,192.31 2 0
github.com/dmitrovia/collector-metrics/internal/service/service.go:192.31,199.17 6 0
github.com/dmitrovia/collector-metrics/internal/service/service.go:199.17,201.4 1 0
github.com/dmitrovia/collector-metrics/internal/service/service.go:203.3,206.17 3 0
github.com/dmitrovia/collector-metrics/internal/service/service.go:206.17,208.4 1 0
github.com/dmitrovia/collector-metrics/internal/service/service.go:211.2,211.12 1 0
github.com/dmitrovia/collector-metrics/internal/service/service.go:215.45,222.16 4 0
github.com/dmitrovia/collector-metrics/internal/service/service.go:222.16,224.3 1 0
github.com/dmitrovia/collector-metrics/internal/service/service.go:226.2,229.21 3 0
github.com/dmitrovia/collector-metrics/internal/service/service.go:229.21,234.17 4 0
github.com/dmitrovia/collector-metrics/internal/service/service.go:234.17,236.4 1 0
github.com/dmitrovia/collector-metrics/internal/service/service.go:238.3,238.40 1 0
github.com/dmitrovia/collector-metrics/internal/service/service.go:238.40,245.18 3 0
github.com/dmitrovia/collector-metrics/internal/service/service.go:245.18,247.5 1 0
github.com/dmitrovia/collector-metrics/internal/service/service.go:248.9,248.49 1 0
github.com/dmitrovia/collector-metrics/internal/service/service.go:248.49,255.18 3 0
github.com/dmitrovia/collector-metrics/internal/service/service.go:255.18,257.5 1 0
github.com/dmitrovia/collector-metrics/internal/service/service.go:260.3,260.39 1 0
github.com/dmitrovia/collector-metrics/internal/service/service.go:260.39,262.4 1 0
github.com/dmitrovia/collector-metrics/internal/service/service.go:265.2,265.12 1 0
github.com/dmitrovia/collector-metrics/internal/service/service.go:269.59,278.16 5 11
github.com/dmitrovia/collector-metrics/internal/service/service.go:278.16,280.3 1 0
github.com/dmitrovia/collector-metrics/internal/service/service.go:282.2,282.12 1 11
github.com/dmitrovia/collector-metrics/internal/service/service.go:289.31,298.16 5 11
github.com/dmitrovia/collector-metrics/internal/service/service.go:298.16,300.3 1 0
github.com/dmitrovia/collector-metrics/internal/service/service.go:302.2,302.17 1 11
github.com/dmitrovia/collector-metrics/internal/service/service.go:306.56,313.16 4 0
github.com/dmitrovia/collector-metrics/internal/service/service.go:313.16,315.3 1 0
github.com/dmitrovia/collector-metrics/internal/service/service.go:317.2,317.23 1 0
github.com/dmitrovia/collector-metrics/internal/service/service.go:321.54,328.16 4 0
github.com/dmitrovia/collector-metrics/internal/service/service.go:328.16,330.3 1 0
github.com/dmitrovia/collector-metrics/internal/service/service.go:332.2,332.23 1 0
github.com/dmitrovia/collector-metrics/internal/service/service.go:339.7,341.2 1 2
github.com/dmitrovia/collector-metrics/internal/storage/dbrepository/DBRepository.go:27.3,32.2 4 1
github.com/dmitrovia/collector-metrics/internal/storage/dbrepository/DBRepository.go:35.31,36.2 0 0
github.com/dmitrovia/collector-metrics/internal/storage/dbrepository/DBRepository.go:43.9,44.31 1 0
github.com/dmitrovia/collector-metrics/internal/storage/dbrepository/DBRepository.go:44.31,46.17 2 0
github.com/dmitrovia/collector-metrics/internal/storage/dbrepository/DBRepository.go:46.17,48.4 1 0
github.com/dmitrovia/collector-metrics/internal/storage/dbrepository/DBRepository.go:51.2,51.35 1 0
github.com/dmitrovia/collector-metrics/internal/storage/dbrepository/DBRepository.go:51.35,53.17 2 0
github.com/dmitrovia/collector-metrics/internal/storage/dbrepository/DBRepository.go:53.17,55.4 1 0
github.com/dmitrovia/collector-metrics/internal/storage/dbrepository/DBRepository.go:58.2,58.12 1 0
github.com/dmitrovia/collector-metrics/internal/storage/dbrepository/DBRepository.go:64.34,66.16 2 2
github.com/dmitrovia/collector-metrics/internal/storage/dbrepository/DBRepository.go:66.16,69.3 1 0
github.com/dmitrovia/collector-metrics/internal/storage/dbrepository/DBRepository.go:71.2,72.16 2 2
github.com/dmitrovia/collector-metrics/internal/storage/dbrepository/DBRepository.go:72.16,75.3 1 0
github.com/dmitrovia/collector-metrics/internal/storage/dbrepository/DBRepository.go:77.2,81.21 4 2
github.com/dmitrovia/collector-metrics/internal/storage/dbrepository/DBRepository.go:89.3,100.16 4 2
github.com/dmitrovia/collector-metrics/internal/storage/dbrepository/DBRepository.go:100.16,103.3 1 0
github.com/dmitrovia/collector-metrics/internal/storage/dbrepository/DBRepository.go:105.2,107.18 2 2
github.com/dmitrovia/collector-metrics/internal/storage/dbrepository/DBRepository.go:107.18,109.17 2 49
github.com/dmitrovia/collector-metrics/internal/storage/dbrepository/DBRepository.go:109.17,111.4 1 0
github.com/dmitrovia/collector-metrics/internal/storage/dbrepository/DBRepository.go:111.9,118.4 5 49
github.com/dmitrovia/collector-metrics/internal/storage/dbrepository/DBRepository.go:121.2,121.20 1 2
github.com/dmitrovia/collector-metrics/internal/storage/dbrepository/DBRepository.go:130.3,141.16 4 2
github.com/dmitrovia/collector-metrics/internal/storage/dbrepository/DBRepository.go:141.16,145.3 1 0
github.com/dmitrovia/collector-metrics/internal/storage/dbrepository/DBRepository.go:147.2,149.18 2 2
github.com/dmitrovia/collector-metrics/internal/storage/dbrepository/DBRepository.go:149.18,151.17 2 45
github.com/dmitrovia/collector-metrics/internal/storage/dbrepository/DBRepository.go:151.17,153.4 1 0
github.com/dmitrovia/collector-metrics/internal/storage/dbrepository/DBRepository.go:153.9,160.4 5 45
github.com/dmitrovia/collector-metrics/internal/storage/dbrepository/DBRepository.go:163.2,163.22 1 2
github.com/dmitrovia/collector-metrics/internal/storage/dbrepository/DBRepository.go:170.3,182.16 4 0
github.com/dmitrovia/collector-metrics/internal/storage/dbrepository/DBRepository.go:182.16,185.3 1 0
github.com/dmitrovia/collector-metrics/internal/storage/dbrepository/DBRepository.go:187.2,189.18 2 0
github.com/dmitrovia/collector-metrics/internal/storage/dbrepository/DBRepository.go:189.18,191.17 2 0
github.com/dmitrovia/collector-metrics/internal/storage/dbrepository/DBRepository.go:191.17,193.4 1 0
github.com/dmitrovia/collector-metrics/internal/storage/dbrepository/DBRepository.go:193.9,199.4 4 0
github.com/dmitrovia/collector-metrics/internal/storage/dbrepository/DBRepository.go:202.2,202.20 1 0
github.com/dmitrovia/collector-metrics/internal/storage/dbrepository/DBRepository.go:209.3,221.16 4 0
github.com/dmitrovia/collector-metrics/internal/storage/dbrepository/DBRepository.go:221.16,224.3 1 0
github.com/dmitrovia/collector-metrics/internal/storage/dbrepository/DBRepository.go:226.2,228.18 2 0
github.com/dmitrovia/collector-metrics/internal/storage/dbrepository/DBRepository.go:228.18,230.17 2 0
github.com/dmitrovia/collector-metrics/internal/storage/dbrepository/DBRepository.go:230.17,232.4 1 0
github.com/dmitrovia/collector-metrics/internal/storage/dbrepository/DBRepository.go:232.9,238.4 4 0
github.com/dmitrovia/collector-metrics/internal/storage/dbrepository/DBRepository.go:241.2,241.22 1 0
github.com/dmitrovia/collector-metrics/internal/storage/dbrepository/DBRepository.go:248.29,261.16 6 0
github.com/dmitrovia/collector-metrics/internal/storage/dbrepository/DBRepository.go:261.16,264.3 1 0
github.com/dmitrovia/collector-metrics/internal/storage/dbrepository/DBRepository.go:266.2,269.18 3 0
github.com/dmitrovia/collector-metrics/internal/storage/dbrepository/DBRepository.go:277.31,290.16 6 9
github.com/dmitrovia/collector-metrics/internal/storage/dbrepository/DBRepository.go:290.16,294.3 1 0
github.com/dmitrovia/collector-metrics/internal/storage/dbrepository/DBRepository.go:296.2,299.18 3 9
github.com/dmitrovia/collector-metrics/internal/storage/dbrepository/DBRepository.go:306.9,314.16 3 10
github.com/dmitrovia/collector-metrics/internal/storage/dbrepository/DBRepository.go:314.16,316.3 1 0
github.com/dmitrovia/collector-metrics/internal/storage/dbrepository/DBRepository.go:318.2,318.30 1 10
github.com/dmitrovia/collector-metrics/internal/storage/dbrepository/DBRepository.go:318.30,324.17 2 1
github.com/dmitrovia/collector-metrics/internal/storage/dbrepository/DBRepository.go:324.17,326.4 1 0
github.com/dmitrovia/collector-metrics/internal/storage/dbrepository/DBRepository.go:328.2,330.12 2 10
github.com/dmitrovia/collector-metrics/internal/storage/dbrepository/DBRepository.go:337.31,344.16 3 10
github.com/dmitrovia/collector-metrics/internal/storage/dbrepository/DBRepository.go:344.16,348.3 1 0
github.com/dmitrovia/collector-metrics/internal/storage/dbrepository/DBRepository.go:350.2,350.30 1 10
github.com/dmitrovia/collector-metrics/internal/storage/dbrepository/DBRepository.go:350.30,356.17 2 1
github.com/dmitrovia/collector-metrics/internal/storage/dbrepository/DBRepository.go:356.17,360.4 1 0
github.com/dmitrovia/collector-metrics/internal/storage/dbrepository/DBRepository.go:362.3,362.22 1 1
github.com/dmitrovia/collector-metrics/internal/storage/dbrepository/DBRepository.go:365.2,366.16 2 9
github.com/dmitrovia/collector-metrics/internal/storage/dbrepository/DBRepository.go:366.16,370.3 1 0
github.com/dmitrovia/collector-metrics/internal/storage/dbrepository/DBRepository.go:372.2,374.18 2 9
github.com/dmitrovia/collector-metrics/internal/storage/memoryrepository/memoryRepository.go:31.9,32.31 1 0
github.com/dmitrovia/collector-metrics/internal/storage/memoryrepository/memoryRepository.go:32.31,34.17 2 0
github.com/dmitrovia/collector-metrics/internal/storage/memoryrepository/memoryRepository.go:34.17,36.4 1 0
github.com/dmitrovia/collector-metrics/internal/storage/memoryrepository/memoryRepository.go:39.2,39.35 1 0
github.com/dmitrovia/collector-metrics/internal/storage/memoryrepository/memoryRepository.go:39.35,41.17 2 0
github.com/dmitrovia/collector-metrics/internal/storage/memoryrepository/memoryRepository.go:41.17,43.4 1 0
github.com/dmitrovia/collector-metrics/internal/storage/memoryrepository/memoryRepository.go:46.2,46.12 1 0
github.com/dmitrovia/collector-metrics/internal/storage/memoryrepository/memoryRepository.go:50.35,55.2 4 1
github.com/dmitrovia/collector-metrics/internal/storage/memoryrepository/memoryRepository.go:61.3,63.2 1 1
github.com/dmitrovia/collector-metrics/internal/storage/memoryrepository/memoryRepository.go:69.3,71.2 1 1
github.com/dmitrovia/collector-metrics/internal/storage/memoryrepository/memoryRepository.go:77.29,79.8 2 0
github.com/dmitrovia/collector-metrics/internal/storage/memoryrepository/memoryRepository.go:79.8,81.3 1 0
github.com/dmitrovia/collector-metrics/internal/storage/memoryrepository/memoryRepository.go:83.2,83.31 1 0
github.com/dmitrovia/collector-metrics/internal/storage/memoryrepository/memoryRepository.go:91.31,93.8 2 0
github.com/dmitrovia/collector-metrics/internal/storage/memoryrepository/memoryRepository.go:93.8,95.3 1 0
github.com/dmitrovia/collector-metrics/internal/storage/memoryrepository/memoryRepository.go:97.2,97.31 1 0
github.com/dmitrovia/collector-metrics/internal/storage/memoryrepository/memoryRepository.go:104.9,110.2 4 1
github.com/dmitrovia/collector-metrics/internal/storage/memoryrepository/memoryRepository.go:116.31,122.8 4 1
github.com/dmitrovia/collector-metrics/internal/storage/memoryrepository/memoryRepository.go:122.8,129.3 5 0
github.com/dmitrovia/collector-metrics/internal/storage/memoryrepository/memoryRepository.go:131.2,134.21 3 1
github.com/dmitrovia/collector-metrics/internal/storage/memoryrepository/memoryRepository.go:140.34,142.16 2 1
github.com/dmitrovia/collector-metrics/internal/storage/memoryrepository/memoryRepository.go:142.16,145.3 1 0
github.com/dmitrovia/collector-metrics/internal/storage/memoryrepository/memoryRepository.go:147.2,148.16 2 1
github.com/dmitrovia/collector-metrics/internal/storage/memoryrepository/memoryRepository.go:148.16,151.3 1 0
github.com/dmitrovia/collector-metrics/internal/storage/memoryrepository/memoryRepository.go:153.2,157.21 4 1
github.com/dmitrovia/collector-metrics/internal/storage/memoryrepository/memoryRepository.go:165.3,169.31 3 1
github.com/dmitrovia/collector-metrics/internal/storage/memoryrepository/memoryRepository.go:169.31,176.3 5 1
github.com/dmitrovia/collector-metrics/internal/storage/memoryrepository/memoryRepository.go:178.2,178.23 1 1
github.com/dmitrovia/collector-metrics/internal/storage/memoryrepository/memoryRepository.go:187.3,191.35 3 1
github.com/dmitrovia/collector-metrics/internal/storage/memoryrepository/memoryRepository.go:191.35,198.3 5 1
github.com/dmitrovia/collector-metrics/internal/storage/memoryrepository/memoryRepository.go:200.2,200.25 1 1
